<?xml version="1.0" encoding="utf-8"?>
<!DOCTYPE coverage SYSTEM "http://cobertura.sourceforge.net/xml/coverage-04.dtd">
<coverage line-rate="0.9081632653061225" branch-rate="1" lines-covered="89" lines-valid="98" branches-covered="0" branches-valid="0" complexity="28" version="0" timestamp="1632591875">
  <sources>
    <source>C:\</source>
  </sources>
  <packages>
    <package name="Quark.Edabit.Exercises" line-rate="1" branch-rate="1" complexity="12">
      <classes>
        <class name="Quark.Edabit.Exercises.EdabitChallengesVeryEasy" filename="C:\Quark\QuarkEdabitUnitTests\Quark.Edabit.Exercises\Quark.Edabit.Exercises\EdabitChallengesVeryEasy.cs" line-rate="1" branch-rate="1" complexity="12">
          <methods>
            <method name="SubTwoNumbers" signature="(...)" line-rate="1" branch-rate="1" complexity="1">
              <lines>
                <line number="9" hits="4" branch="false" />
                <line number="10" hits="4" branch="false" />
                <line number="11" hits="4" branch="false" />
              </lines>
            </method>
            <method name="LessThanOrEqualToZero" signature="(...)" line-rate="1" branch-rate="1" complexity="1">
              <lines>
                <line number="15" hits="6" branch="false" />
                <line number="16" hits="6" branch="false" />
                <line number="17" hits="6" branch="false" />
              </lines>
            </method>
            <method name="GiveMeSomething" signature="(...)" line-rate="1" branch-rate="1" complexity="1">
              <lines>
                <line number="21" hits="3" branch="false" />
                <line number="22" hits="3" branch="false" />
                <line number="23" hits="3" branch="false" />
              </lines>
            </method>
            <method name="Reverse" signature="(...)" line-rate="1" branch-rate="1" complexity="1">
              <lines>
                <line number="26" hits="2" branch="false" />
                <line number="27" hits="2" branch="false" />
                <line number="28" hits="2" branch="false" />
              </lines>
            </method>
            <method name="HowManySeconds" signature="(...)" line-rate="1" branch-rate="1" complexity="1">
              <lines>
                <line number="31" hits="4" branch="false" />
                <line number="32" hits="4" branch="false" />
                <line number="33" hits="4" branch="false" />
              </lines>
            </method>
            <method name="NameString" signature="(...)" line-rate="1" branch-rate="1" complexity="1">
              <lines>
                <line number="36" hits="4" branch="false" />
                <line number="37" hits="4" branch="false" />
                <line number="38" hits="4" branch="false" />
                <line number="39" hits="4" branch="false" />
              </lines>
            </method>
            <method name="And" signature="(...)" line-rate="1" branch-rate="1" complexity="1">
              <lines>
                <line number="42" hits="4" branch="false" />
                <line number="43" hits="4" branch="false" />
                <line number="44" hits="4" branch="false" />
              </lines>
            </method>
            <method name="Points" signature="(...)" line-rate="1" branch-rate="1" complexity="1">
              <lines>
                <line number="47" hits="3" branch="false" />
                <line number="48" hits="3" branch="false" />
                <line number="49" hits="3" branch="false" />
              </lines>
            </method>
            <method name="FindPerimeter" signature="(...)" line-rate="1" branch-rate="1" complexity="1">
              <lines>
                <line number="52" hits="3" branch="false" />
                <line number="53" hits="3" branch="false" />
                <line number="54" hits="3" branch="false" />
              </lines>
            </method>
            <method name="HelloName" signature="(...)" line-rate="1" branch-rate="1" complexity="1">
              <lines>
                <line number="57" hits="3" branch="false" />
                <line number="58" hits="3" branch="false" />
                <line number="59" hits="3" branch="false" />
              </lines>
            </method>
            <method name="Animals" signature="(...)" line-rate="1" branch-rate="1" complexity="1">
              <lines>
                <line number="62" hits="3" branch="false" />
                <line number="63" hits="3" branch="false" />
                <line number="64" hits="3" branch="false" />
              </lines>
            </method>
            <method name="FootballPoints" signature="(...)" line-rate="1" branch-rate="1" complexity="1">
              <lines>
                <line number="67" hits="3" branch="false" />
                <line number="68" hits="3" branch="false" />
                <line number="69" hits="3" branch="false" />
              </lines>
            </method>
          </methods>
          <lines>
            <line number="9" hits="4" branch="false" />
            <line number="10" hits="4" branch="false" />
            <line number="11" hits="4" branch="false" />
            <line number="15" hits="6" branch="false" />
            <line number="16" hits="6" branch="false" />
            <line number="17" hits="6" branch="false" />
            <line number="21" hits="3" branch="false" />
            <line number="22" hits="3" branch="false" />
            <line number="23" hits="3" branch="false" />
            <line number="26" hits="2" branch="false" />
            <line number="27" hits="2" branch="false" />
            <line number="28" hits="2" branch="false" />
            <line number="31" hits="4" branch="false" />
            <line number="32" hits="4" branch="false" />
            <line number="33" hits="4" branch="false" />
            <line number="36" hits="4" branch="false" />
            <line number="37" hits="4" branch="false" />
            <line number="38" hits="4" branch="false" />
            <line number="39" hits="4" branch="false" />
            <line number="42" hits="4" branch="false" />
            <line number="43" hits="4" branch="false" />
            <line number="44" hits="4" branch="false" />
            <line number="47" hits="3" branch="false" />
            <line number="48" hits="3" branch="false" />
            <line number="49" hits="3" branch="false" />
            <line number="52" hits="3" branch="false" />
            <line number="53" hits="3" branch="false" />
            <line number="54" hits="3" branch="false" />
            <line number="57" hits="3" branch="false" />
            <line number="58" hits="3" branch="false" />
            <line number="59" hits="3" branch="false" />
            <line number="62" hits="3" branch="false" />
            <line number="63" hits="3" branch="false" />
            <line number="64" hits="3" branch="false" />
            <line number="67" hits="3" branch="false" />
            <line number="68" hits="3" branch="false" />
            <line number="69" hits="3" branch="false" />
          </lines>
        </class>
      </classes>
    </package>
    <package name="Quark.Edabit.Exercises.Test" line-rate="0.8524590163934426" branch-rate="1" complexity="16">
      <classes>
        <class name="AutoGeneratedProgram" filename="C:\Users\DanielAlzueta\.nuget\packages\microsoft.net.test.sdk\16.9.4\build\netcoreapp2.1\Microsoft.NET.Test.Sdk.Program.cs" line-rate="0" branch-rate="1" complexity="1">
          <methods>
            <method name="Main" signature="(...)" line-rate="0" branch-rate="1" complexity="1">
              <lines>
                <line number="4" hits="0" branch="false" />
              </lines>
            </method>
          </methods>
          <lines>
            <line number="4" hits="0" branch="false" />
          </lines>
        </class>
        <class name="Quark.Edabit.Exercises.Test.EdabitChallengesEasyTests" filename="C:\Quark\QuarkEdabitUnitTests\Quark.Edabit.Exercises.Test\EdabitChallengesEasyTests.cs" line-rate="0" branch-rate="1" complexity="1">
          <methods>
            <method name=".ctor" signature="()" line-rate="0" branch-rate="1" complexity="1">
              <lines>
                <line number="9" hits="0" branch="false" />
                <line number="10" hits="0" branch="false" />
                <line number="11" hits="0" branch="false" />
                <line number="12" hits="0" branch="false" />
              </lines>
            </method>
          </methods>
          <lines>
            <line number="9" hits="0" branch="false" />
            <line number="10" hits="0" branch="false" />
            <line number="11" hits="0" branch="false" />
            <line number="12" hits="0" branch="false" />
          </lines>
        </class>
        <class name="Quark.Edabit.Exercises.Test.EdabitChallengesMediumTests" filename="C:\Quark\QuarkEdabitUnitTests\Quark.Edabit.Exercises.Test\EdabitChallengesMediumTests.cs" line-rate="0" branch-rate="1" complexity="1">
          <methods>
            <method name=".ctor" signature="()" line-rate="0" branch-rate="1" complexity="1">
              <lines>
                <line number="9" hits="0" branch="false" />
                <line number="10" hits="0" branch="false" />
                <line number="11" hits="0" branch="false" />
                <line number="12" hits="0" branch="false" />
              </lines>
            </method>
          </methods>
          <lines>
            <line number="9" hits="0" branch="false" />
            <line number="10" hits="0" branch="false" />
            <line number="11" hits="0" branch="false" />
            <line number="12" hits="0" branch="false" />
          </lines>
        </class>
        <class name="Quark.Edabit.Exercises.Test.EdabitChallengesVeryEasyTests" filename="C:\Quark\QuarkEdabitUnitTests\Quark.Edabit.Exercises.Test\EdabitChallengesVeryEasyTests.cs" line-rate="1" branch-rate="1" complexity="13">
          <methods>
            <method name="SumTwoNumbers" signature="(...)" line-rate="1" branch-rate="1" complexity="1">
              <lines>
                <line number="21" hits="4" branch="false" />
                <line number="23" hits="4" branch="false" />
                <line number="25" hits="4" branch="false" />
                <line number="26" hits="4" branch="false" />
              </lines>
            </method>
            <method name="LessThanOrEqualToZero_Return" signature="(...)" line-rate="1" branch-rate="1" complexity="1">
              <lines>
                <line number="40" hits="6" branch="false" />
                <line number="42" hits="6" branch="false" />
                <line number="44" hits="6" branch="false" />
                <line number="45" hits="6" branch="false" />
              </lines>
            </method>
            <method name="GiveMeSomething" signature="(...)" line-rate="1" branch-rate="1" complexity="1">
              <lines>
                <line number="53" hits="3" branch="false" />
                <line number="55" hits="3" branch="false" />
                <line number="57" hits="3" branch="false" />
                <line number="58" hits="3" branch="false" />
              </lines>
            </method>
            <method name="ReverseTest" signature="(...)" line-rate="1" branch-rate="1" complexity="1">
              <lines>
                <line number="65" hits="2" branch="false" />
                <line number="67" hits="2" branch="false" />
                <line number="69" hits="2" branch="false" />
                <line number="70" hits="2" branch="false" />
              </lines>
            </method>
            <method name="HowManySecondsTest" signature="(...)" line-rate="1" branch-rate="1" complexity="1">
              <lines>
                <line number="79" hits="4" branch="false" />
                <line number="81" hits="4" branch="false" />
                <line number="83" hits="4" branch="false" />
                <line number="84" hits="4" branch="false" />
              </lines>
            </method>
            <method name="NameStringTest" signature="(...)" line-rate="1" branch-rate="1" complexity="1">
              <lines>
                <line number="93" hits="4" branch="false" />
                <line number="95" hits="4" branch="false" />
                <line number="97" hits="4" branch="false" />
                <line number="98" hits="4" branch="false" />
              </lines>
            </method>
            <method name="AndTest" signature="(...)" line-rate="1" branch-rate="1" complexity="1">
              <lines>
                <line number="108" hits="4" branch="false" />
                <line number="110" hits="4" branch="false" />
                <line number="112" hits="4" branch="false" />
                <line number="113" hits="4" branch="false" />
              </lines>
            </method>
            <method name="PointsTest" signature="(...)" line-rate="1" branch-rate="1" complexity="1">
              <lines>
                <line number="121" hits="3" branch="false" />
                <line number="123" hits="3" branch="false" />
                <line number="125" hits="3" branch="false" />
                <line number="126" hits="3" branch="false" />
              </lines>
            </method>
            <method name="FindPerimeterTest" signature="(...)" line-rate="1" branch-rate="1" complexity="1">
              <lines>
                <line number="134" hits="3" branch="false" />
                <line number="136" hits="3" branch="false" />
                <line number="138" hits="3" branch="false" />
                <line number="139" hits="3" branch="false" />
              </lines>
            </method>
            <method name="HelloNameTest" signature="(...)" line-rate="1" branch-rate="1" complexity="1">
              <lines>
                <line number="148" hits="3" branch="false" />
                <line number="150" hits="3" branch="false" />
                <line number="152" hits="3" branch="false" />
                <line number="153" hits="3" branch="false" />
              </lines>
            </method>
            <method name="AnimalsTest" signature="(...)" line-rate="1" branch-rate="1" complexity="1">
              <lines>
                <line number="162" hits="3" branch="false" />
                <line number="164" hits="3" branch="false" />
                <line number="166" hits="3" branch="false" />
                <line number="167" hits="3" branch="false" />
              </lines>
            </method>
            <method name="FootballPointsTest" signature="(...)" line-rate="1" branch-rate="1" complexity="1">
              <lines>
                <line number="176" hits="3" branch="false" />
                <line number="178" hits="3" branch="false" />
                <line number="180" hits="3" branch="false" />
                <line number="181" hits="3" branch="false" />
              </lines>
            </method>
            <method name=".ctor" signature="()" line-rate="1" branch-rate="1" complexity="1">
              <lines>
                <line number="9" hits="42" branch="false" />
                <line number="10" hits="42" branch="false" />
                <line number="11" hits="42" branch="false" />
                <line number="12" hits="42" branch="false" />
              </lines>
            </method>
          </methods>
          <lines>
            <line number="9" hits="42" branch="false" />
            <line number="10" hits="42" branch="false" />
            <line number="11" hits="42" branch="false" />
            <line number="12" hits="42" branch="false" />
            <line number="21" hits="4" branch="false" />
            <line number="23" hits="4" branch="false" />
            <line number="25" hits="4" branch="false" />
            <line number="26" hits="4" branch="false" />
            <line number="40" hits="6" branch="false" />
            <line number="42" hits="6" branch="false" />
            <line number="44" hits="6" branch="false" />
            <line number="45" hits="6" branch="false" />
            <line number="53" hits="3" branch="false" />
            <line number="55" hits="3" branch="false" />
            <line number="57" hits="3" branch="false" />
            <line number="58" hits="3" branch="false" />
            <line number="65" hits="2" branch="false" />
            <line number="67" hits="2" branch="false" />
            <line number="69" hits="2" branch="false" />
            <line number="70" hits="2" branch="false" />
            <line number="79" hits="4" branch="false" />
            <line number="81" hits="4" branch="false" />
            <line number="83" hits="4" branch="false" />
            <line number="84" hits="4" branch="false" />
            <line number="93" hits="4" branch="false" />
            <line number="95" hits="4" branch="false" />
            <line number="97" hits="4" branch="false" />
            <line number="98" hits="4" branch="false" />
            <line number="108" hits="4" branch="false" />
            <line number="110" hits="4" branch="false" />
            <line number="112" hits="4" branch="false" />
            <line number="113" hits="4" branch="false" />
            <line number="121" hits="3" branch="false" />
            <line number="123" hits="3" branch="false" />
            <line number="125" hits="3" branch="false" />
            <line number="126" hits="3" branch="false" />
            <line number="134" hits="3" branch="false" />
            <line number="136" hits="3" branch="false" />
            <line number="138" hits="3" branch="false" />
            <line number="139" hits="3" branch="false" />
            <line number="148" hits="3" branch="false" />
            <line number="150" hits="3" branch="false" />
            <line number="152" hits="3" branch="false" />
            <line number="153" hits="3" branch="false" />
            <line number="162" hits="3" branch="false" />
            <line number="164" hits="3" branch="false" />
            <line number="166" hits="3" branch="false" />
            <line number="167" hits="3" branch="false" />
            <line number="176" hits="3" branch="false" />
            <line number="178" hits="3" branch="false" />
            <line number="180" hits="3" branch="false" />
            <line number="181" hits="3" branch="false" />
          </lines>
        </class>
      </classes>
    </package>
  </packages>
</coverage>