TpTrace Verbose: 0 : 32496, 1, 2021/09/25, 17:44:31.639, 8329817229243, vstest.console.dll, Version: 17.0.0-preview-20210715-01
TpTrace Information: 0 : 32496, 1, 2021/09/25, 17:44:31.655, 8329817367336, vstest.console.dll, FilePatternParser: The given file C:\Quark\QuarkEdabitUnitTests\Quark.Edabit.Exercises.Test\bin\Debug\netcoreapp3.1\fine-code-coverage\build-output\Quark.Edabit.Exercises.Test.dll is a full path.
TpTrace Verbose: 0 : 32496, 1, 2021/09/25, 17:44:31.663, 8329817455079, vstest.console.dll, TestPluginCache.DiscoverTestExtensions: finding test extensions in assemblies ends with: RuntimeProvider.dll TPluginInfo: Microsoft.VisualStudio.TestPlatform.Common.ExtensionFramework.Utilities.TestRuntimePluginInformation TExtension: Microsoft.VisualStudio.TestPlatform.ObjectModel.Host.ITestRuntimeProvider
TpTrace Verbose: 0 : 32496, 1, 2021/09/25, 17:44:31.667, 8329817488920, vstest.console.dll, TestPluginCache.GetExtensionPaths: Filtered extension paths: 
TpTrace Verbose: 0 : 32496, 1, 2021/09/25, 17:44:31.667, 8329817491033, vstest.console.dll, TestPluginCache.GetExtensionPaths: Added default extension paths: C:\Program Files\dotnet\sdk\6.0.100-preview.7.21379.14\Extensions\Microsoft.Diagnostics.NETCore.Client.dll
C:\Program Files\dotnet\sdk\6.0.100-preview.7.21379.14\Extensions\Microsoft.TestPlatform.Extensions.BlameDataCollector.dll
C:\Program Files\dotnet\sdk\6.0.100-preview.7.21379.14\Extensions\Microsoft.TestPlatform.Extensions.EventLogCollector.dll
C:\Program Files\dotnet\sdk\6.0.100-preview.7.21379.14\Extensions\Microsoft.TestPlatform.TestHostRuntimeProvider.dll
C:\Program Files\dotnet\sdk\6.0.100-preview.7.21379.14\Extensions\Microsoft.VisualStudio.TestPlatform.Extensions.Html.TestLogger.dll
C:\Program Files\dotnet\sdk\6.0.100-preview.7.21379.14\Extensions\Microsoft.VisualStudio.TestPlatform.Extensions.Trx.TestLogger.dll
TpTrace Verbose: 0 : 32496, 1, 2021/09/25, 17:44:31.667, 8329817491940, vstest.console.dll, TestPluginCache.GetExtensionPaths: Added unfilterableExtensionPaths: 
TpTrace Information: 0 : 32496, 1, 2021/09/25, 17:44:31.669, 8329817509389, vstest.console.dll, AssemblyResolver.ctor: Creating AssemblyResolver with searchDirectories C:\Program Files\dotnet\sdk\6.0.100-preview.7.21379.14\Extensions,C:\Program Files\dotnet\sdk\6.0.100-preview.7.21379.14
TpTrace Verbose: 0 : 32496, 1, 2021/09/25, 17:44:31.671, 8329817532317, vstest.console.dll, TestPluginCache.DiscoverTestExtensions: Discovering the extensions using extension path.
TpTrace Verbose: 0 : 32496, 1, 2021/09/25, 17:44:31.671, 8329817535299, vstest.console.dll, TestPluginCache.GetExtensionPaths: Filtered extension paths: 
TpTrace Verbose: 0 : 32496, 1, 2021/09/25, 17:44:31.672, 8329817536292, vstest.console.dll, TestPluginCache.GetExtensionPaths: Added default extension paths: C:\Program Files\dotnet\sdk\6.0.100-preview.7.21379.14\Extensions\Microsoft.Diagnostics.NETCore.Client.dll
C:\Program Files\dotnet\sdk\6.0.100-preview.7.21379.14\Extensions\Microsoft.TestPlatform.Extensions.BlameDataCollector.dll
C:\Program Files\dotnet\sdk\6.0.100-preview.7.21379.14\Extensions\Microsoft.TestPlatform.Extensions.EventLogCollector.dll
C:\Program Files\dotnet\sdk\6.0.100-preview.7.21379.14\Extensions\Microsoft.TestPlatform.TestHostRuntimeProvider.dll
C:\Program Files\dotnet\sdk\6.0.100-preview.7.21379.14\Extensions\Microsoft.VisualStudio.TestPlatform.Extensions.Html.TestLogger.dll
C:\Program Files\dotnet\sdk\6.0.100-preview.7.21379.14\Extensions\Microsoft.VisualStudio.TestPlatform.Extensions.Trx.TestLogger.dll
TpTrace Verbose: 0 : 32496, 1, 2021/09/25, 17:44:31.672, 8329817537047, vstest.console.dll, TestPluginCache.GetExtensionPaths: Added unfilterableExtensionPaths: 
TpTrace Verbose: 0 : 32496, 1, 2021/09/25, 17:44:31.672, 8329817538292, vstest.console.dll, TestPluginCache.DiscoverTestExtensions: Discovering the extensions using allExtensionPaths: C:\Program Files\dotnet\sdk\6.0.100-preview.7.21379.14\Extensions\Microsoft.Diagnostics.NETCore.Client.dll
C:\Program Files\dotnet\sdk\6.0.100-preview.7.21379.14\Extensions\Microsoft.TestPlatform.Extensions.BlameDataCollector.dll
C:\Program Files\dotnet\sdk\6.0.100-preview.7.21379.14\Extensions\Microsoft.TestPlatform.Extensions.EventLogCollector.dll
C:\Program Files\dotnet\sdk\6.0.100-preview.7.21379.14\Extensions\Microsoft.TestPlatform.TestHostRuntimeProvider.dll
C:\Program Files\dotnet\sdk\6.0.100-preview.7.21379.14\Extensions\Microsoft.VisualStudio.TestPlatform.Extensions.Html.TestLogger.dll
C:\Program Files\dotnet\sdk\6.0.100-preview.7.21379.14\Extensions\Microsoft.VisualStudio.TestPlatform.Extensions.Trx.TestLogger.dll
TpTrace Information: 0 : 32496, 1, 2021/09/25, 17:44:31.672, 8329817542166, vstest.console.dll, AssemblyResolver.AddSearchDirectories: Adding more searchDirectories C:\Program Files\dotnet\sdk\6.0.100-preview.7.21379.14\Extensions,C:\Program Files\dotnet\sdk\6.0.100-preview.7.21379.14
TpTrace Information: 0 : 32496, 1, 2021/09/25, 17:44:31.672, 8329817543351, vstest.console.dll, AssemblyResolver.AddSearchDirectories: Adding more searchDirectories C:\Program Files\dotnet\sdk\6.0.100-preview.7.21379.14\Extensions,C:\Program Files\dotnet\sdk\6.0.100-preview.7.21379.14
TpTrace Information: 0 : 32496, 1, 2021/09/25, 17:44:31.672, 8329817543894, vstest.console.dll, AssemblyResolver.AddSearchDirectories: Adding more searchDirectories C:\Program Files\dotnet\sdk\6.0.100-preview.7.21379.14\Extensions,C:\Program Files\dotnet\sdk\6.0.100-preview.7.21379.14
TpTrace Information: 0 : 32496, 1, 2021/09/25, 17:44:31.672, 8329817544382, vstest.console.dll, AssemblyResolver.AddSearchDirectories: Adding more searchDirectories C:\Program Files\dotnet\sdk\6.0.100-preview.7.21379.14\Extensions,C:\Program Files\dotnet\sdk\6.0.100-preview.7.21379.14
TpTrace Information: 0 : 32496, 1, 2021/09/25, 17:44:31.672, 8329817544777, vstest.console.dll, AssemblyResolver.AddSearchDirectories: Adding more searchDirectories C:\Program Files\dotnet\sdk\6.0.100-preview.7.21379.14\Extensions,C:\Program Files\dotnet\sdk\6.0.100-preview.7.21379.14
TpTrace Information: 0 : 32496, 1, 2021/09/25, 17:44:31.672, 8329817545259, vstest.console.dll, AssemblyResolver.AddSearchDirectories: Adding more searchDirectories C:\Program Files\dotnet\sdk\6.0.100-preview.7.21379.14\Extensions,C:\Program Files\dotnet\sdk\6.0.100-preview.7.21379.14
TpTrace Information: 0 : 32496, 1, 2021/09/25, 17:44:31.673, 8329817550177, vstest.console.dll, AssemblyResolver.OnResolve: Microsoft.Diagnostics.NETCore.Client: Resolving assembly.
TpTrace Information: 0 : 32496, 1, 2021/09/25, 17:44:31.673, 8329817551097, vstest.console.dll, AssemblyResolver.OnResolve: Microsoft.Diagnostics.NETCore.Client: Searching in: 'C:\Program Files\dotnet\sdk\6.0.100-preview.7.21379.14\Extensions'.
TpTrace Information: 0 : 32496, 1, 2021/09/25, 17:44:31.674, 8329817561091, vstest.console.dll, AssemblyResolver.OnResolve: Microsoft.Diagnostics.NETCore.Client: Loading assembly 'C:\Program Files\dotnet\sdk\6.0.100-preview.7.21379.14\Extensions\Microsoft.Diagnostics.NETCore.Client.dll'.
TpTrace Information: 0 : 32496, 1, 2021/09/25, 17:44:31.675, 8329817569637, vstest.console.dll, AssemblyResolver.OnResolve: Resolved assembly: Microsoft.Diagnostics.NETCore.Client, from path: C:\Program Files\dotnet\sdk\6.0.100-preview.7.21379.14\Extensions\Microsoft.Diagnostics.NETCore.Client.dll
TpTrace Information: 0 : 32496, 1, 2021/09/25, 17:44:31.684, 8329817661159, vstest.console.dll, AssemblyResolver.OnResolve: Microsoft.Bcl.AsyncInterfaces: Resolving assembly.
TpTrace Information: 0 : 32496, 1, 2021/09/25, 17:44:31.684, 8329817662537, vstest.console.dll, AssemblyResolver.OnResolve: Microsoft.Bcl.AsyncInterfaces: Searching in: 'C:\Program Files\dotnet\sdk\6.0.100-preview.7.21379.14\Extensions'.
TpTrace Information: 0 : 32496, 1, 2021/09/25, 17:44:31.684, 8329817663829, vstest.console.dll, AssemblyResolver.OnResolve: Microsoft.Bcl.AsyncInterfaces: Assembly path does not exist: 'C:\Program Files\dotnet\sdk\6.0.100-preview.7.21379.14\Extensions\Microsoft.Bcl.AsyncInterfaces.dll', returning.
TpTrace Information: 0 : 32496, 1, 2021/09/25, 17:44:31.684, 8329817664879, vstest.console.dll, AssemblyResolver.OnResolve: Microsoft.Bcl.AsyncInterfaces: Assembly path does not exist: 'C:\Program Files\dotnet\sdk\6.0.100-preview.7.21379.14\Extensions\Microsoft.Bcl.AsyncInterfaces.exe', returning.
TpTrace Information: 0 : 32496, 1, 2021/09/25, 17:44:31.684, 8329817665849, vstest.console.dll, AssemblyResolver.OnResolve: Microsoft.Bcl.AsyncInterfaces: Searching in: 'C:\Program Files\dotnet\sdk\6.0.100-preview.7.21379.14'.
TpTrace Information: 0 : 32496, 1, 2021/09/25, 17:44:31.685, 8329817666875, vstest.console.dll, AssemblyResolver.OnResolve: Microsoft.Bcl.AsyncInterfaces: Assembly path does not exist: 'C:\Program Files\dotnet\sdk\6.0.100-preview.7.21379.14\Microsoft.Bcl.AsyncInterfaces.dll', returning.
TpTrace Information: 0 : 32496, 1, 2021/09/25, 17:44:31.685, 8329817667778, vstest.console.dll, AssemblyResolver.OnResolve: Microsoft.Bcl.AsyncInterfaces: Assembly path does not exist: 'C:\Program Files\dotnet\sdk\6.0.100-preview.7.21379.14\Microsoft.Bcl.AsyncInterfaces.exe', returning.
TpTrace Information: 0 : 32496, 1, 2021/09/25, 17:44:31.685, 8329817668256, vstest.console.dll, AssemblyResolver.OnResolve: Microsoft.Bcl.AsyncInterfaces: Failed to load assembly.
TpTrace Verbose: 0 : 32496, 1, 2021/09/25, 17:44:31.685, 8329817668798, vstest.console.dll, CurrentDomainAssemblyResolve: Resolving assembly 'Microsoft.Bcl.AsyncInterfaces'.
TpTrace Information: 0 : 32496, 1, 2021/09/25, 17:44:31.685, 8329817669629, vstest.console.dll, AssemblyResolver.OnResolve: Microsoft.Bcl.AsyncInterfaces: Resolving assembly.
TpTrace Information: 0 : 32496, 1, 2021/09/25, 17:44:31.685, 8329817670172, vstest.console.dll, AssemblyResolver.OnResolve: Microsoft.Bcl.AsyncInterfaces: Resolved from cache.
TpTrace Verbose: 0 : 32496, 1, 2021/09/25, 17:44:31.685, 8329817670592, vstest.console.dll, CurrentDomainAssemblyResolve: Resolving assembly 'Microsoft.Bcl.AsyncInterfaces'.
TpTrace Verbose: 0 : 32496, 1, 2021/09/25, 17:44:31.685, 8329817671091, vstest.console.dll, CurrentDomainAssemblyResolve: Failed to resolve assembly 'Microsoft.Bcl.AsyncInterfaces'.
TpTrace Verbose: 0 : 32496, 1, 2021/09/25, 17:44:31.686, 8329817676198, vstest.console.dll, CurrentDomainAssemblyResolve: Failed to resolve assembly 'Microsoft.Bcl.AsyncInterfaces'.
TpTrace Warning: 0 : 32496, 1, 2021/09/25, 17:44:31.708, 8329817900893, vstest.console.dll, TestPluginDiscoverer: Failed to get types from assembly 'Microsoft.Diagnostics.NETCore.Client, Version=0.2.4.21401, Culture=neutral, PublicKeyToken=31bf3856ad364e35'.  Skipping test extension scan for this assembly.  Error: System.Reflection.ReflectionTypeLoadException: Unable to load one or more of the requested types.
Could not load file or assembly 'Microsoft.Bcl.AsyncInterfaces, Version=1.0.0.0, Culture=neutral, PublicKeyToken=cc7b13ffcd2ddd51'. The system cannot find the file specified.
   at System.Reflection.RuntimeModule.GetTypes(RuntimeModule module)
   at System.Reflection.Assembly.GetTypes() in System.Private.CoreLib.dll:token 0x600514d+0x0
   at Microsoft.VisualStudio.TestPlatform.Common.ExtensionFramework.TestPluginDiscoverer.GetTestExtensionsFromAssembly[TPluginInfo,TExtension](Assembly assembly, Dictionary`2 pluginInfos) in Microsoft.VisualStudio.TestPlatform.Common.dll:token 0x60001af+0x1a
System.IO.FileNotFoundException: Could not load file or assembly 'Microsoft.Bcl.AsyncInterfaces, Version=1.0.0.0, Culture=neutral, PublicKeyToken=cc7b13ffcd2ddd51'. The system cannot find the file specified.
File name: 'Microsoft.Bcl.AsyncInterfaces, Version=1.0.0.0, Culture=neutral, PublicKeyToken=cc7b13ffcd2ddd51'
 ---> System.IO.FileNotFoundException: Could not load file or assembly 'Microsoft.Bcl.AsyncInterfaces, Culture=neutral, PublicKeyToken=null'. The system cannot find the file specified.
File name: 'Microsoft.Bcl.AsyncInterfaces, Culture=neutral, PublicKeyToken=null'
   at System.Reflection.RuntimeAssembly.InternalLoad(ObjectHandleOnStack assemblyName, ObjectHandleOnStack requestingAssembly, StackCrawlMarkHandle stackMark, Boolean throwOnFileNotFound, ObjectHandleOnStack assemblyLoadContext, ObjectHandleOnStack retAssembly) in System.Private.CoreLib.dll:token 0x600534c+0x8
   at System.Reflection.RuntimeAssembly.InternalLoad(AssemblyName assemblyName, RuntimeAssembly requestingAssembly, StackCrawlMark& stackMark, Boolean throwOnFileNotFound, AssemblyLoadContext assemblyLoadContext) in System.Private.CoreLib.dll:token 0x600534b+0x16
   at System.Reflection.Assembly.Load(AssemblyName assemblyRef) in System.Private.CoreLib.dll:token 0x6005142+0xe
   at Microsoft.VisualStudio.TestPlatform.Common.ExtensionFramework.TestPluginCache.CurrentDomainAssemblyResolve(Object sender, AssemblyResolveEventArgs args) in Microsoft.VisualStudio.TestPlatform.Common.dll:token 0x60001a9+0x64
   at Microsoft.VisualStudio.TestPlatform.PlatformAbstractions.PlatformAssemblyResolver.AssemblyResolverEvent(Object sender, Object eventArgs) in Microsoft.TestPlatform.PlatformAbstractions.dll:token 0x600004a+0x1c
   at System.Runtime.Loader.AssemblyLoadContext.GetFirstResolvedAssemblyFromResolvingEvent(AssemblyName assemblyName) in System.Private.CoreLib.dll:token 0x6003b3f+0x24
   at System.Runtime.Loader.AssemblyLoadContext.ResolveUsingEvent(AssemblyName assemblyName) in System.Private.CoreLib.dll:token 0x6003b42+0x7
   at System.Runtime.Loader.AssemblyLoadContext.ResolveUsingResolvingEvent(IntPtr gchManagedAssemblyLoadContext, AssemblyName assemblyName) in System.Private.CoreLib.dll:token 0x6003b03+0x7
TpTrace Warning: 0 : 32496, 1, 2021/09/25, 17:44:31.708, 8329817904154, vstest.console.dll, LoaderExceptions: System.IO.FileNotFoundException: Could not load file or assembly 'Microsoft.Bcl.AsyncInterfaces, Version=1.0.0.0, Culture=neutral, PublicKeyToken=cc7b13ffcd2ddd51'. The system cannot find the file specified.
File name: 'Microsoft.Bcl.AsyncInterfaces, Version=1.0.0.0, Culture=neutral, PublicKeyToken=cc7b13ffcd2ddd51'
 ---> System.IO.FileNotFoundException: Could not load file or assembly 'Microsoft.Bcl.AsyncInterfaces, Culture=neutral, PublicKeyToken=null'. The system cannot find the file specified.
File name: 'Microsoft.Bcl.AsyncInterfaces, Culture=neutral, PublicKeyToken=null'
   at System.Reflection.RuntimeAssembly.InternalLoad(ObjectHandleOnStack assemblyName, ObjectHandleOnStack requestingAssembly, StackCrawlMarkHandle stackMark, Boolean throwOnFileNotFound, ObjectHandleOnStack assemblyLoadContext, ObjectHandleOnStack retAssembly) in System.Private.CoreLib.dll:token 0x600534c+0x8
   at System.Reflection.RuntimeAssembly.InternalLoad(AssemblyName assemblyName, RuntimeAssembly requestingAssembly, StackCrawlMark& stackMark, Boolean throwOnFileNotFound, AssemblyLoadContext assemblyLoadContext) in System.Private.CoreLib.dll:token 0x600534b+0x16
   at System.Reflection.Assembly.Load(AssemblyName assemblyRef) in System.Private.CoreLib.dll:token 0x6005142+0xe
   at Microsoft.VisualStudio.TestPlatform.Common.ExtensionFramework.TestPluginCache.CurrentDomainAssemblyResolve(Object sender, AssemblyResolveEventArgs args) in Microsoft.VisualStudio.TestPlatform.Common.dll:token 0x60001a9+0x64
   at Microsoft.VisualStudio.TestPlatform.PlatformAbstractions.PlatformAssemblyResolver.AssemblyResolverEvent(Object sender, Object eventArgs) in Microsoft.TestPlatform.PlatformAbstractions.dll:token 0x600004a+0x1c
   at System.Runtime.Loader.AssemblyLoadContext.GetFirstResolvedAssemblyFromResolvingEvent(AssemblyName assemblyName) in System.Private.CoreLib.dll:token 0x6003b3f+0x24
   at System.Runtime.Loader.AssemblyLoadContext.ResolveUsingEvent(AssemblyName assemblyName) in System.Private.CoreLib.dll:token 0x6003b42+0x7
   at System.Runtime.Loader.AssemblyLoadContext.ResolveUsingResolvingEvent(IntPtr gchManagedAssemblyLoadContext, AssemblyName assemblyName) in System.Private.CoreLib.dll:token 0x6003b03+0x7
TpTrace Information: 0 : 32496, 1, 2021/09/25, 17:44:31.708, 8329817905689, vstest.console.dll, AssemblyResolver.OnResolve: Microsoft.TestPlatform.Extensions.BlameDataCollector: Resolving assembly.
TpTrace Information: 0 : 32496, 1, 2021/09/25, 17:44:31.709, 8329817906243, vstest.console.dll, AssemblyResolver.OnResolve: Microsoft.TestPlatform.Extensions.BlameDataCollector: Searching in: 'C:\Program Files\dotnet\sdk\6.0.100-preview.7.21379.14\Extensions'.
TpTrace Information: 0 : 32496, 1, 2021/09/25, 17:44:31.709, 8329817913595, vstest.console.dll, AssemblyResolver.OnResolve: Microsoft.TestPlatform.Extensions.BlameDataCollector: Loading assembly 'C:\Program Files\dotnet\sdk\6.0.100-preview.7.21379.14\Extensions\Microsoft.TestPlatform.Extensions.BlameDataCollector.dll'.
TpTrace Information: 0 : 32496, 1, 2021/09/25, 17:44:31.710, 8329817921195, vstest.console.dll, AssemblyResolver.OnResolve: Resolved assembly: Microsoft.TestPlatform.Extensions.BlameDataCollector, from path: C:\Program Files\dotnet\sdk\6.0.100-preview.7.21379.14\Extensions\Microsoft.TestPlatform.Extensions.BlameDataCollector.dll
TpTrace Information: 0 : 32496, 1, 2021/09/25, 17:44:31.711, 8329817929730, vstest.console.dll, AssemblyResolver.OnResolve: Microsoft.TestPlatform.Extensions.EventLogCollector: Resolving assembly.
TpTrace Information: 0 : 32496, 1, 2021/09/25, 17:44:31.711, 8329817930551, vstest.console.dll, AssemblyResolver.OnResolve: Microsoft.TestPlatform.Extensions.EventLogCollector: Searching in: 'C:\Program Files\dotnet\sdk\6.0.100-preview.7.21379.14\Extensions'.
TpTrace Information: 0 : 32496, 1, 2021/09/25, 17:44:31.712, 8329817936201, vstest.console.dll, AssemblyResolver.OnResolve: Microsoft.TestPlatform.Extensions.EventLogCollector: Loading assembly 'C:\Program Files\dotnet\sdk\6.0.100-preview.7.21379.14\Extensions\Microsoft.TestPlatform.Extensions.EventLogCollector.dll'.
TpTrace Information: 0 : 32496, 1, 2021/09/25, 17:44:31.712, 8329817942771, vstest.console.dll, AssemblyResolver.OnResolve: Resolved assembly: Microsoft.TestPlatform.Extensions.EventLogCollector, from path: C:\Program Files\dotnet\sdk\6.0.100-preview.7.21379.14\Extensions\Microsoft.TestPlatform.Extensions.EventLogCollector.dll
TpTrace Information: 0 : 32496, 1, 2021/09/25, 17:44:31.715, 8329817967667, vstest.console.dll, AssemblyResolver.OnResolve: Microsoft.TestPlatform.TestHostRuntimeProvider: Resolving assembly.
TpTrace Information: 0 : 32496, 1, 2021/09/25, 17:44:31.715, 8329817968476, vstest.console.dll, AssemblyResolver.OnResolve: Microsoft.TestPlatform.TestHostRuntimeProvider: Searching in: 'C:\Program Files\dotnet\sdk\6.0.100-preview.7.21379.14\Extensions'.
TpTrace Information: 0 : 32496, 1, 2021/09/25, 17:44:31.715, 8329817973571, vstest.console.dll, AssemblyResolver.OnResolve: Microsoft.TestPlatform.TestHostRuntimeProvider: Loading assembly 'C:\Program Files\dotnet\sdk\6.0.100-preview.7.21379.14\Extensions\Microsoft.TestPlatform.TestHostRuntimeProvider.dll'.
TpTrace Information: 0 : 32496, 1, 2021/09/25, 17:44:31.716, 8329817979820, vstest.console.dll, AssemblyResolver.OnResolve: Resolved assembly: Microsoft.TestPlatform.TestHostRuntimeProvider, from path: C:\Program Files\dotnet\sdk\6.0.100-preview.7.21379.14\Extensions\Microsoft.TestPlatform.TestHostRuntimeProvider.dll
TpTrace Information: 0 : 32496, 1, 2021/09/25, 17:44:31.718, 8329817997056, vstest.console.dll, AssemblyResolver.OnResolve: Microsoft.VisualStudio.TestPlatform.Extensions.Html.TestLogger: Resolving assembly.
TpTrace Information: 0 : 32496, 1, 2021/09/25, 17:44:31.718, 8329817998094, vstest.console.dll, AssemblyResolver.OnResolve: Microsoft.VisualStudio.TestPlatform.Extensions.Html.TestLogger: Searching in: 'C:\Program Files\dotnet\sdk\6.0.100-preview.7.21379.14\Extensions'.
TpTrace Information: 0 : 32496, 1, 2021/09/25, 17:44:31.718, 8329818005171, vstest.console.dll, AssemblyResolver.OnResolve: Microsoft.VisualStudio.TestPlatform.Extensions.Html.TestLogger: Loading assembly 'C:\Program Files\dotnet\sdk\6.0.100-preview.7.21379.14\Extensions\Microsoft.VisualStudio.TestPlatform.Extensions.Html.TestLogger.dll'.
TpTrace Information: 0 : 32496, 1, 2021/09/25, 17:44:31.719, 8329818012462, vstest.console.dll, AssemblyResolver.OnResolve: Resolved assembly: Microsoft.VisualStudio.TestPlatform.Extensions.Html.TestLogger, from path: C:\Program Files\dotnet\sdk\6.0.100-preview.7.21379.14\Extensions\Microsoft.VisualStudio.TestPlatform.Extensions.Html.TestLogger.dll
TpTrace Information: 0 : 32496, 1, 2021/09/25, 17:44:31.720, 8329818017802, vstest.console.dll, AssemblyResolver.OnResolve: Microsoft.VisualStudio.TestPlatform.Extensions.Trx.TestLogger: Resolving assembly.
TpTrace Information: 0 : 32496, 1, 2021/09/25, 17:44:31.720, 8329818018830, vstest.console.dll, AssemblyResolver.OnResolve: Microsoft.VisualStudio.TestPlatform.Extensions.Trx.TestLogger: Searching in: 'C:\Program Files\dotnet\sdk\6.0.100-preview.7.21379.14\Extensions'.
TpTrace Information: 0 : 32496, 1, 2021/09/25, 17:44:31.720, 8329818025882, vstest.console.dll, AssemblyResolver.OnResolve: Microsoft.VisualStudio.TestPlatform.Extensions.Trx.TestLogger: Loading assembly 'C:\Program Files\dotnet\sdk\6.0.100-preview.7.21379.14\Extensions\Microsoft.VisualStudio.TestPlatform.Extensions.Trx.TestLogger.dll'.
TpTrace Information: 0 : 32496, 1, 2021/09/25, 17:44:31.721, 8329818033285, vstest.console.dll, AssemblyResolver.OnResolve: Resolved assembly: Microsoft.VisualStudio.TestPlatform.Extensions.Trx.TestLogger, from path: C:\Program Files\dotnet\sdk\6.0.100-preview.7.21379.14\Extensions\Microsoft.VisualStudio.TestPlatform.Extensions.Trx.TestLogger.dll
TpTrace Verbose: 0 : 32496, 1, 2021/09/25, 17:44:31.722, 8329818040734, vstest.console.dll, TestPluginCache: Discovered the extensions using extension path ''.
TpTrace Verbose: 0 : 32496, 1, 2021/09/25, 17:44:31.722, 8329818041496, vstest.console.dll, TestPluginCache: Discoverers are ''.
TpTrace Verbose: 0 : 32496, 1, 2021/09/25, 17:44:31.722, 8329818041950, vstest.console.dll, TestPluginCache: Executors are ''.
TpTrace Verbose: 0 : 32496, 1, 2021/09/25, 17:44:31.722, 8329818042356, vstest.console.dll, TestPluginCache: Executors2 are ''.
TpTrace Verbose: 0 : 32496, 1, 2021/09/25, 17:44:31.722, 8329818042668, vstest.console.dll, TestPluginCache: Setting providers are ''.
TpTrace Verbose: 0 : 32496, 1, 2021/09/25, 17:44:31.722, 8329818042974, vstest.console.dll, TestPluginCache: Loggers are ''.
TpTrace Information: 0 : 32496, 1, 2021/09/25, 17:44:31.729, 8329818110468, vstest.console.dll, RunTestsArgumentProcessor:Execute: Test run is starting.
TpTrace Verbose: 0 : 32496, 1, 2021/09/25, 17:44:31.729, 8329818111648, vstest.console.dll, RunTestsArgumentProcessor:Execute: Queuing Test run.
TpTrace Information: 0 : 32496, 1, 2021/09/25, 17:44:31.729, 8329818114991, vstest.console.dll, TestRequestManager.RunTests: run tests started.
TpTrace Information: 0 : 32496, 1, 2021/09/25, 17:44:31.735, 8329818172231, vstest.console.dll, AssemblyMetadataProvider.GetFrameWork: Determined framework:'.NETCoreApp,Version=v3.1' for source: 'C:\Quark\QuarkEdabitUnitTests\Quark.Edabit.Exercises.Test\bin\Debug\netcoreapp3.1\fine-code-coverage\build-output\Quark.Edabit.Exercises.Test.dll'
TpTrace Information: 0 : 32496, 1, 2021/09/25, 17:44:31.735, 8329818175200, vstest.console.dll, Determined framework for all sources: .NETCoreApp,Version=v3.1
TpTrace Information: 0 : 32496, 1, 2021/09/25, 17:44:31.736, 8329818180908, vstest.console.dll, AssemblyMetadataProvider.GetArchitecture: Determined architecture:AnyCPU info for assembly: C:\Quark\QuarkEdabitUnitTests\Quark.Edabit.Exercises.Test\bin\Debug\netcoreapp3.1\fine-code-coverage\build-output\Quark.Edabit.Exercises.Test.dll
TpTrace Information: 0 : 32496, 1, 2021/09/25, 17:44:31.739, 8329818207657, vstest.console.dll, Determined platform for all sources: X64
TpTrace Information: 0 : 32496, 1, 2021/09/25, 17:44:31.743, 8329818248013, vstest.console.dll, Compatible sources list : 
TpTrace Information: 0 : 32496, 1, 2021/09/25, 17:44:31.743, 8329818249551, vstest.console.dll, C:\Quark\QuarkEdabitUnitTests\Quark.Edabit.Exercises.Test\bin\Debug\netcoreapp3.1\fine-code-coverage\build-output\Quark.Edabit.Exercises.Test.dll
TpTrace Information: 0 : 32496, 1, 2021/09/25, 17:44:31.747, 8329818287358, vstest.console.dll, InferRunSettingsHelper.IsTestSettingsEnabled: Unable to navigate to RunSettings/MSTest. Current node: RunSettings
TpTrace Information: 0 : 32496, 1, 2021/09/25, 17:44:31.748, 8329818297401, vstest.console.dll, AssemblyResolver.OnResolve: Microsoft.VisualStudio.TestPlatform.Fakes: Resolving assembly.
TpTrace Information: 0 : 32496, 1, 2021/09/25, 17:44:31.748, 8329818298429, vstest.console.dll, AssemblyResolver.OnResolve: Microsoft.VisualStudio.TestPlatform.Fakes: Searching in: 'C:\Program Files\dotnet\sdk\6.0.100-preview.7.21379.14\Extensions'.
TpTrace Information: 0 : 32496, 1, 2021/09/25, 17:44:31.748, 8329818299987, vstest.console.dll, AssemblyResolver.OnResolve: Microsoft.VisualStudio.TestPlatform.Fakes: Assembly path does not exist: 'C:\Program Files\dotnet\sdk\6.0.100-preview.7.21379.14\Extensions\Microsoft.VisualStudio.TestPlatform.Fakes.dll', returning.
TpTrace Information: 0 : 32496, 1, 2021/09/25, 17:44:31.748, 8329818301082, vstest.console.dll, AssemblyResolver.OnResolve: Microsoft.VisualStudio.TestPlatform.Fakes: Assembly path does not exist: 'C:\Program Files\dotnet\sdk\6.0.100-preview.7.21379.14\Extensions\Microsoft.VisualStudio.TestPlatform.Fakes.exe', returning.
TpTrace Information: 0 : 32496, 1, 2021/09/25, 17:44:31.748, 8329818301770, vstest.console.dll, AssemblyResolver.OnResolve: Microsoft.VisualStudio.TestPlatform.Fakes: Searching in: 'C:\Program Files\dotnet\sdk\6.0.100-preview.7.21379.14'.
TpTrace Information: 0 : 32496, 1, 2021/09/25, 17:44:31.748, 8329818303764, vstest.console.dll, AssemblyResolver.OnResolve: Microsoft.VisualStudio.TestPlatform.Fakes: Assembly path does not exist: 'C:\Program Files\dotnet\sdk\6.0.100-preview.7.21379.14\Microsoft.VisualStudio.TestPlatform.Fakes.dll', returning.
TpTrace Information: 0 : 32496, 1, 2021/09/25, 17:44:31.748, 8329818304803, vstest.console.dll, AssemblyResolver.OnResolve: Microsoft.VisualStudio.TestPlatform.Fakes: Assembly path does not exist: 'C:\Program Files\dotnet\sdk\6.0.100-preview.7.21379.14\Microsoft.VisualStudio.TestPlatform.Fakes.exe', returning.
TpTrace Information: 0 : 32496, 1, 2021/09/25, 17:44:31.748, 8329818305283, vstest.console.dll, AssemblyResolver.OnResolve: Microsoft.VisualStudio.TestPlatform.Fakes: Failed to load assembly.
TpTrace Information: 0 : 32496, 1, 2021/09/25, 17:44:31.749, 8329818309420, vstest.console.dll, Failed to load assembly Microsoft.VisualStudio.TestPlatform.Fakes, Version=17.0.0.0, Culture=neutral. Reason:System.IO.FileNotFoundException: Could not load file or assembly 'Microsoft.VisualStudio.TestPlatform.Fakes, Version=17.0.0.0, Culture=neutral, PublicKeyToken=null'. The system cannot find the file specified.
File name: 'Microsoft.VisualStudio.TestPlatform.Fakes, Version=17.0.0.0, Culture=neutral, PublicKeyToken=null'
   at System.Reflection.RuntimeAssembly.InternalLoad(ObjectHandleOnStack assemblyName, ObjectHandleOnStack requestingAssembly, StackCrawlMarkHandle stackMark, Boolean throwOnFileNotFound, ObjectHandleOnStack assemblyLoadContext, ObjectHandleOnStack retAssembly) in System.Private.CoreLib.dll:token 0x600534c+0x8
   at System.Reflection.RuntimeAssembly.InternalLoad(AssemblyName assemblyName, RuntimeAssembly requestingAssembly, StackCrawlMark& stackMark, Boolean throwOnFileNotFound, AssemblyLoadContext assemblyLoadContext) in System.Private.CoreLib.dll:token 0x600534b+0x16
   at System.Reflection.Assembly.Load(AssemblyName assemblyRef) in System.Private.CoreLib.dll:token 0x6005142+0xe
   at Microsoft.VisualStudio.TestPlatform.Common.Utilities.FakesUtilities.LoadTestPlatformAssembly() in Microsoft.VisualStudio.TestPlatform.Common.dll:token 0x600007c+0xa
TpTrace Verbose: 0 : 32496, 1, 2021/09/25, 17:44:31.754, 8329818361770, vstest.console.dll, TestPluginCache.DiscoverTestExtensions: finding test extensions in assemblies ends with: TestLogger.dll TPluginInfo: Microsoft.VisualStudio.TestPlatform.Common.ExtensionFramework.Utilities.TestLoggerPluginInformation TExtension: Microsoft.VisualStudio.TestPlatform.ObjectModel.Client.ITestLogger
TpTrace Verbose: 0 : 32496, 1, 2021/09/25, 17:44:31.754, 8329818363174, vstest.console.dll, TestPluginCache.GetExtensionPaths: Filtered extension paths: 
TpTrace Verbose: 0 : 32496, 1, 2021/09/25, 17:44:31.754, 8329818363653, vstest.console.dll, TestPluginCache.GetExtensionPaths: Added default extension paths: C:\Program Files\dotnet\sdk\6.0.100-preview.7.21379.14\Extensions\Microsoft.Diagnostics.NETCore.Client.dll
C:\Program Files\dotnet\sdk\6.0.100-preview.7.21379.14\Extensions\Microsoft.TestPlatform.Extensions.BlameDataCollector.dll
C:\Program Files\dotnet\sdk\6.0.100-preview.7.21379.14\Extensions\Microsoft.TestPlatform.Extensions.EventLogCollector.dll
C:\Program Files\dotnet\sdk\6.0.100-preview.7.21379.14\Extensions\Microsoft.TestPlatform.TestHostRuntimeProvider.dll
C:\Program Files\dotnet\sdk\6.0.100-preview.7.21379.14\Extensions\Microsoft.VisualStudio.TestPlatform.Extensions.Html.TestLogger.dll
C:\Program Files\dotnet\sdk\6.0.100-preview.7.21379.14\Extensions\Microsoft.VisualStudio.TestPlatform.Extensions.Trx.TestLogger.dll
TpTrace Verbose: 0 : 32496, 1, 2021/09/25, 17:44:31.754, 8329818364174, vstest.console.dll, TestPluginCache.GetExtensionPaths: Added unfilterableExtensionPaths: 
TpTrace Information: 0 : 32496, 1, 2021/09/25, 17:44:31.755, 8329818366322, vstest.console.dll, AssemblyResolver.AddSearchDirectories: Adding more searchDirectories C:\Program Files\dotnet\sdk\6.0.100-preview.7.21379.14\Extensions,C:\Program Files\dotnet\sdk\6.0.100-preview.7.21379.14
TpTrace Verbose: 0 : 32496, 1, 2021/09/25, 17:44:31.755, 8329818366962, vstest.console.dll, TestPluginCache.DiscoverTestExtensions: Discovering the extensions using extension path.
TpTrace Verbose: 0 : 32496, 1, 2021/09/25, 17:44:31.755, 8329818367540, vstest.console.dll, TestPluginCache.GetExtensionPaths: Filtered extension paths: 
TpTrace Verbose: 0 : 32496, 1, 2021/09/25, 17:44:31.755, 8329818367923, vstest.console.dll, TestPluginCache.GetExtensionPaths: Added default extension paths: C:\Program Files\dotnet\sdk\6.0.100-preview.7.21379.14\Extensions\Microsoft.Diagnostics.NETCore.Client.dll
C:\Program Files\dotnet\sdk\6.0.100-preview.7.21379.14\Extensions\Microsoft.TestPlatform.Extensions.BlameDataCollector.dll
C:\Program Files\dotnet\sdk\6.0.100-preview.7.21379.14\Extensions\Microsoft.TestPlatform.Extensions.EventLogCollector.dll
C:\Program Files\dotnet\sdk\6.0.100-preview.7.21379.14\Extensions\Microsoft.TestPlatform.TestHostRuntimeProvider.dll
C:\Program Files\dotnet\sdk\6.0.100-preview.7.21379.14\Extensions\Microsoft.VisualStudio.TestPlatform.Extensions.Html.TestLogger.dll
C:\Program Files\dotnet\sdk\6.0.100-preview.7.21379.14\Extensions\Microsoft.VisualStudio.TestPlatform.Extensions.Trx.TestLogger.dll
TpTrace Verbose: 0 : 32496, 1, 2021/09/25, 17:44:31.755, 8329818368376, vstest.console.dll, TestPluginCache.GetExtensionPaths: Added unfilterableExtensionPaths: 
TpTrace Verbose: 0 : 32496, 1, 2021/09/25, 17:44:31.755, 8329818368768, vstest.console.dll, TestPluginCache.DiscoverTestExtensions: Discovering the extensions using allExtensionPaths: C:\Program Files\dotnet\sdk\6.0.100-preview.7.21379.14\Extensions\Microsoft.Diagnostics.NETCore.Client.dll
C:\Program Files\dotnet\sdk\6.0.100-preview.7.21379.14\Extensions\Microsoft.TestPlatform.Extensions.BlameDataCollector.dll
C:\Program Files\dotnet\sdk\6.0.100-preview.7.21379.14\Extensions\Microsoft.TestPlatform.Extensions.EventLogCollector.dll
C:\Program Files\dotnet\sdk\6.0.100-preview.7.21379.14\Extensions\Microsoft.TestPlatform.TestHostRuntimeProvider.dll
C:\Program Files\dotnet\sdk\6.0.100-preview.7.21379.14\Extensions\Microsoft.VisualStudio.TestPlatform.Extensions.Html.TestLogger.dll
C:\Program Files\dotnet\sdk\6.0.100-preview.7.21379.14\Extensions\Microsoft.VisualStudio.TestPlatform.Extensions.Trx.TestLogger.dll
TpTrace Information: 0 : 32496, 1, 2021/09/25, 17:44:31.755, 8329818369400, vstest.console.dll, AssemblyResolver.AddSearchDirectories: Adding more searchDirectories C:\Program Files\dotnet\sdk\6.0.100-preview.7.21379.14\Extensions,C:\Program Files\dotnet\sdk\6.0.100-preview.7.21379.14
TpTrace Information: 0 : 32496, 1, 2021/09/25, 17:44:31.755, 8329818369847, vstest.console.dll, AssemblyResolver.AddSearchDirectories: Adding more searchDirectories C:\Program Files\dotnet\sdk\6.0.100-preview.7.21379.14\Extensions,C:\Program Files\dotnet\sdk\6.0.100-preview.7.21379.14
TpTrace Information: 0 : 32496, 1, 2021/09/25, 17:44:31.755, 8329818371027, vstest.console.dll, AssemblyResolver.AddSearchDirectories: Adding more searchDirectories C:\Program Files\dotnet\sdk\6.0.100-preview.7.21379.14\Extensions,C:\Program Files\dotnet\sdk\6.0.100-preview.7.21379.14
TpTrace Information: 0 : 32496, 1, 2021/09/25, 17:44:31.755, 8329818371536, vstest.console.dll, AssemblyResolver.AddSearchDirectories: Adding more searchDirectories C:\Program Files\dotnet\sdk\6.0.100-preview.7.21379.14\Extensions,C:\Program Files\dotnet\sdk\6.0.100-preview.7.21379.14
TpTrace Information: 0 : 32496, 1, 2021/09/25, 17:44:31.755, 8329818372123, vstest.console.dll, AssemblyResolver.AddSearchDirectories: Adding more searchDirectories C:\Program Files\dotnet\sdk\6.0.100-preview.7.21379.14\Extensions,C:\Program Files\dotnet\sdk\6.0.100-preview.7.21379.14
TpTrace Information: 0 : 32496, 1, 2021/09/25, 17:44:31.755, 8329818372592, vstest.console.dll, AssemblyResolver.AddSearchDirectories: Adding more searchDirectories C:\Program Files\dotnet\sdk\6.0.100-preview.7.21379.14\Extensions,C:\Program Files\dotnet\sdk\6.0.100-preview.7.21379.14
TpTrace Information: 0 : 32496, 1, 2021/09/25, 17:44:31.755, 8329818375768, vstest.console.dll, AssemblyResolver.OnResolve: Microsoft.Bcl.AsyncInterfaces: Resolving assembly.
TpTrace Information: 0 : 32496, 1, 2021/09/25, 17:44:31.756, 8329818376402, vstest.console.dll, AssemblyResolver.OnResolve: Microsoft.Bcl.AsyncInterfaces: Resolved from cache.
TpTrace Verbose: 0 : 32496, 1, 2021/09/25, 17:44:31.756, 8329818376855, vstest.console.dll, CurrentDomainAssemblyResolve: Resolving assembly 'Microsoft.Bcl.AsyncInterfaces'.
TpTrace Information: 0 : 32496, 1, 2021/09/25, 17:44:31.756, 8329818377442, vstest.console.dll, AssemblyResolver.OnResolve: Microsoft.Bcl.AsyncInterfaces: Resolving assembly.
TpTrace Information: 0 : 32496, 1, 2021/09/25, 17:44:31.756, 8329818377817, vstest.console.dll, AssemblyResolver.OnResolve: Microsoft.Bcl.AsyncInterfaces: Resolved from cache.
TpTrace Verbose: 0 : 32496, 1, 2021/09/25, 17:44:31.756, 8329818378197, vstest.console.dll, CurrentDomainAssemblyResolve: Resolving assembly 'Microsoft.Bcl.AsyncInterfaces'.
TpTrace Verbose: 0 : 32496, 1, 2021/09/25, 17:44:31.756, 8329818378533, vstest.console.dll, CurrentDomainAssemblyResolve: Failed to resolve assembly 'Microsoft.Bcl.AsyncInterfaces'.
TpTrace Verbose: 0 : 32496, 1, 2021/09/25, 17:44:31.756, 8329818380513, vstest.console.dll, CurrentDomainAssemblyResolve: Failed to resolve assembly 'Microsoft.Bcl.AsyncInterfaces'.
TpTrace Warning: 0 : 32496, 1, 2021/09/25, 17:44:31.756, 8329818385650, vstest.console.dll, TestPluginDiscoverer: Failed to get types from assembly 'Microsoft.Diagnostics.NETCore.Client, Version=0.2.4.21401, Culture=neutral, PublicKeyToken=31bf3856ad364e35'.  Skipping test extension scan for this assembly.  Error: System.Reflection.ReflectionTypeLoadException: Unable to load one or more of the requested types.
Could not load file or assembly 'Microsoft.Bcl.AsyncInterfaces, Version=1.0.0.0, Culture=neutral, PublicKeyToken=cc7b13ffcd2ddd51'. The system cannot find the file specified.
   at System.Reflection.RuntimeModule.GetTypes(RuntimeModule module)
   at System.Reflection.Assembly.GetTypes() in System.Private.CoreLib.dll:token 0x600514d+0x0
   at Microsoft.VisualStudio.TestPlatform.Common.ExtensionFramework.TestPluginDiscoverer.GetTestExtensionsFromAssembly[TPluginInfo,TExtension](Assembly assembly, Dictionary`2 pluginInfos) in Microsoft.VisualStudio.TestPlatform.Common.dll:token 0x60001af+0x1a
System.IO.FileNotFoundException: Could not load file or assembly 'Microsoft.Bcl.AsyncInterfaces, Version=1.0.0.0, Culture=neutral, PublicKeyToken=cc7b13ffcd2ddd51'. The system cannot find the file specified.
File name: 'Microsoft.Bcl.AsyncInterfaces, Version=1.0.0.0, Culture=neutral, PublicKeyToken=cc7b13ffcd2ddd51'
 ---> System.IO.FileNotFoundException: Could not load file or assembly 'Microsoft.Bcl.AsyncInterfaces, Culture=neutral, PublicKeyToken=null'. The system cannot find the file specified.
File name: 'Microsoft.Bcl.AsyncInterfaces, Culture=neutral, PublicKeyToken=null'
   at System.Reflection.RuntimeAssembly.InternalLoad(ObjectHandleOnStack assemblyName, ObjectHandleOnStack requestingAssembly, StackCrawlMarkHandle stackMark, Boolean throwOnFileNotFound, ObjectHandleOnStack assemblyLoadContext, ObjectHandleOnStack retAssembly) in System.Private.CoreLib.dll:token 0x600534c+0x8
   at System.Reflection.RuntimeAssembly.InternalLoad(AssemblyName assemblyName, RuntimeAssembly requestingAssembly, StackCrawlMark& stackMark, Boolean throwOnFileNotFound, AssemblyLoadContext assemblyLoadContext) in System.Private.CoreLib.dll:token 0x600534b+0x16
   at System.Reflection.Assembly.Load(AssemblyName assemblyRef) in System.Private.CoreLib.dll:token 0x6005142+0xe
   at Microsoft.VisualStudio.TestPlatform.Common.ExtensionFramework.TestPluginCache.CurrentDomainAssemblyResolve(Object sender, AssemblyResolveEventArgs args) in Microsoft.VisualStudio.TestPlatform.Common.dll:token 0x60001a9+0x64
   at Microsoft.VisualStudio.TestPlatform.PlatformAbstractions.PlatformAssemblyResolver.AssemblyResolverEvent(Object sender, Object eventArgs) in Microsoft.TestPlatform.PlatformAbstractions.dll:token 0x600004a+0x1c
   at System.Runtime.Loader.AssemblyLoadContext.GetFirstResolvedAssemblyFromResolvingEvent(AssemblyName assemblyName) in System.Private.CoreLib.dll:token 0x6003b3f+0x24
   at System.Runtime.Loader.AssemblyLoadContext.ResolveUsingEvent(AssemblyName assemblyName) in System.Private.CoreLib.dll:token 0x6003b42+0x7
   at System.Runtime.Loader.AssemblyLoadContext.ResolveUsingResolvingEvent(IntPtr gchManagedAssemblyLoadContext, AssemblyName assemblyName) in System.Private.CoreLib.dll:token 0x6003b03+0x7
TpTrace Warning: 0 : 32496, 1, 2021/09/25, 17:44:31.757, 8329818388001, vstest.console.dll, LoaderExceptions: System.IO.FileNotFoundException: Could not load file or assembly 'Microsoft.Bcl.AsyncInterfaces, Version=1.0.0.0, Culture=neutral, PublicKeyToken=cc7b13ffcd2ddd51'. The system cannot find the file specified.
File name: 'Microsoft.Bcl.AsyncInterfaces, Version=1.0.0.0, Culture=neutral, PublicKeyToken=cc7b13ffcd2ddd51'
 ---> System.IO.FileNotFoundException: Could not load file or assembly 'Microsoft.Bcl.AsyncInterfaces, Culture=neutral, PublicKeyToken=null'. The system cannot find the file specified.
File name: 'Microsoft.Bcl.AsyncInterfaces, Culture=neutral, PublicKeyToken=null'
   at System.Reflection.RuntimeAssembly.InternalLoad(ObjectHandleOnStack assemblyName, ObjectHandleOnStack requestingAssembly, StackCrawlMarkHandle stackMark, Boolean throwOnFileNotFound, ObjectHandleOnStack assemblyLoadContext, ObjectHandleOnStack retAssembly) in System.Private.CoreLib.dll:token 0x600534c+0x8
   at System.Reflection.RuntimeAssembly.InternalLoad(AssemblyName assemblyName, RuntimeAssembly requestingAssembly, StackCrawlMark& stackMark, Boolean throwOnFileNotFound, AssemblyLoadContext assemblyLoadContext) in System.Private.CoreLib.dll:token 0x600534b+0x16
   at System.Reflection.Assembly.Load(AssemblyName assemblyRef) in System.Private.CoreLib.dll:token 0x6005142+0xe
   at Microsoft.VisualStudio.TestPlatform.Common.ExtensionFramework.TestPluginCache.CurrentDomainAssemblyResolve(Object sender, AssemblyResolveEventArgs args) in Microsoft.VisualStudio.TestPlatform.Common.dll:token 0x60001a9+0x64
   at Microsoft.VisualStudio.TestPlatform.PlatformAbstractions.PlatformAssemblyResolver.AssemblyResolverEvent(Object sender, Object eventArgs) in Microsoft.TestPlatform.PlatformAbstractions.dll:token 0x600004a+0x1c
   at System.Runtime.Loader.AssemblyLoadContext.GetFirstResolvedAssemblyFromResolvingEvent(AssemblyName assemblyName) in System.Private.CoreLib.dll:token 0x6003b3f+0x24
   at System.Runtime.Loader.AssemblyLoadContext.ResolveUsingEvent(AssemblyName assemblyName) in System.Private.CoreLib.dll:token 0x6003b42+0x7
   at System.Runtime.Loader.AssemblyLoadContext.ResolveUsingResolvingEvent(IntPtr gchManagedAssemblyLoadContext, AssemblyName assemblyName) in System.Private.CoreLib.dll:token 0x6003b03+0x7
TpTrace Verbose: 0 : 32496, 1, 2021/09/25, 17:44:31.757, 8329818393043, vstest.console.dll, TestPluginCache: Discovered the extensions using extension path ''.
TpTrace Verbose: 0 : 32496, 1, 2021/09/25, 17:44:31.757, 8329818393643, vstest.console.dll, TestPluginCache: Discoverers are ''.
TpTrace Verbose: 0 : 32496, 1, 2021/09/25, 17:44:31.757, 8329818393994, vstest.console.dll, TestPluginCache: Executors are ''.
TpTrace Verbose: 0 : 32496, 1, 2021/09/25, 17:44:31.757, 8329818394371, vstest.console.dll, TestPluginCache: Executors2 are ''.
TpTrace Verbose: 0 : 32496, 1, 2021/09/25, 17:44:31.757, 8329818394683, vstest.console.dll, TestPluginCache: Setting providers are ''.
TpTrace Verbose: 0 : 32496, 1, 2021/09/25, 17:44:31.757, 8329818395563, vstest.console.dll, TestPluginCache: Loggers are 'logger://Microsoft/TestPlatform/Extensions/Blame/v1,logger://Microsoft/TestPlatform/HtmlLogger/v1,logger://Microsoft/TestPlatform/TrxLogger/v1'.
TpTrace Information: 0 : 32496, 1, 2021/09/25, 17:44:31.758, 8329818404117, vstest.console.dll, TestPluginManager.CreateTestExtension: Attempting to load test extension: Microsoft.TestPlatform.Extensions.BlameDataCollector.BlameLogger
TpTrace Information: 0 : 32496, 1, 2021/09/25, 17:44:31.768, 8329818503397, vstest.console.dll, TestPluginManager.CreateTestExtension: Attempting to load test extension: Microsoft.VisualStudio.TestPlatform.CrossPlatEngine.Hosting.DefaultTestHostManager
TpTrace Information: 0 : 32496, 1, 2021/09/25, 17:44:31.769, 8329818508648, vstest.console.dll, TestPluginManager.CreateTestExtension: Attempting to load test extension: Microsoft.VisualStudio.TestPlatform.CrossPlatEngine.Hosting.DotnetTestHostManager
TpTrace Verbose: 0 : 32496, 1, 2021/09/25, 17:44:31.770, 8329818519896, vstest.console.dll, TestEngine: Initializing Parallel Execution as MaxCpuCount is set to: 1
TpTrace Information: 0 : 32496, 1, 2021/09/25, 17:44:31.771, 8329818528817, vstest.console.dll, InferRunSettingsHelper.IsTestSettingsEnabled: Unable to navigate to RunSettings/MSTest. Current node: RunSettings
TpTrace Verbose: 0 : 32496, 1, 2021/09/25, 17:44:31.792, 8329818743025, vstest.console.dll, TestRequestSender is acting as server
TpTrace Verbose: 0 : 32496, 5, 2021/09/25, 17:44:31.798, 8329818799977, vstest.console.dll, DataCollectionRequestSender.InitializeCommunication : Initialize communication. 
TpTrace Information: 0 : 32496, 5, 2021/09/25, 17:44:31.807, 8329818888600, vstest.console.dll, Listening on Endpoint : 127.0.0.1:63789
TpTrace Verbose: 0 : 32496, 5, 2021/09/25, 17:44:31.824, 8329819063968, vstest.console.dll, DotnetDataCollectionLauncher: Full path of dotnet.exe is C:\Program Files\dotnet\dotnet.exe
TpTrace Verbose: 0 : 32496, 5, 2021/09/25, 17:44:31.825, 8329819066519, vstest.console.dll, DotnetDataCollectionLauncher: Adding  --runtimeconfig "C:\Program Files\dotnet\sdk\6.0.100-preview.7.21379.14\datacollector.runtimeconfig.json" in args
TpTrace Verbose: 0 : 32496, 5, 2021/09/25, 17:44:31.825, 8329819067722, vstest.console.dll, DotnetDataCollectionLauncher: Adding  --depsfile "C:\Program Files\dotnet\sdk\6.0.100-preview.7.21379.14\datacollector.deps.json" in args
TpTrace Information: 0 : 32496, 5, 2021/09/25, 17:44:31.838, 8329819201249, vstest.console.dll, ProxyDataCollectionManager.Initialize: Launched datacollector processId: 29668 port: 63789
TpTrace Information: 0 : 32496, 5, 2021/09/25, 17:44:31.838, 8329819204487, vstest.console.dll, ProxyDataCollectionManager.Initialize: waiting for connection with timeout: 90 seconds
TpTrace Verbose: 0 : 32496, 5, 2021/09/25, 17:44:31.838, 8329819205698, vstest.console.dll, DataCollectionRequestSender.WaitForRequestHandlerConnection : Waiting for connection with timeout: 90000
TpTrace Information: 0 : 32496, 8, 2021/09/25, 17:44:32.040, 8329821217588, vstest.console.dll, Using the buffer size of 16384 bytes
TpTrace Verbose: 0 : 32496, 5, 2021/09/25, 17:44:32.040, 8329821218531, vstest.console.dll, ProxyDataCollectionManager.InvokeDataCollectionServiceAction: Starting.
TpTrace Information: 0 : 32496, 8, 2021/09/25, 17:44:32.040, 8329821220170, vstest.console.dll, Accepted Client request and set the flag
TpTrace Information: 0 : 32496, 5, 2021/09/25, 17:44:32.040, 8329821220594, vstest.console.dll, ProxyDataCollectionManager.BeforeTestRunStart: Get environment variable and port for datacollector processId: 29668 port: 63789
TpTrace Verbose: 0 : 32496, 5, 2021/09/25, 17:44:32.040, 8329821223682, vstest.console.dll, DataCollectionRequestSender.SendBeforeTestRunStartAndGetResult : Send BeforeTestRunStart message with settingsXml <RunSettings><RunConfiguration><ResultsDirectory>C:\Quark\QuarkEdabitUnitTests\Quark.Edabit.Exercises.Test\bin\Debug\netcoreapp3.1\fine-code-coverage\coverage-tool-output</ResultsDirectory><TargetPlatform>X64</TargetPlatform><TargetFrameworkVersion>.NETCoreApp,Version=v3.1</TargetFrameworkVersion><DesignMode>False</DesignMode><CollectSourceInformation>False</CollectSourceInformation><TestAdaptersPaths>C:\Program Files\dotnet\sdk\6.0.100-preview.7.21379.14\Extensions</TestAdaptersPaths></RunConfiguration><LoggerRunSettings><Loggers><Logger friendlyName="blame" enabled="True" /><Logger friendlyName="Console" uri="logger://microsoft/TestPlatform/ConsoleLogger/v1" assemblyQualifiedName="Microsoft.VisualStudio.TestPlatform.CommandLine.Internal.ConsoleLogger, vstest.console, Version=15.0.0.0, Culture=neutral, PublicKeyToken=b03f5f7f11d50a3a" codeBase="C:\Program Files\dotnet\sdk\6.0.100-preview.7.21379.14\vstest.console.dll" enabled="True" /></Loggers></LoggerRunSettings><DataCollectionRunSettings><DataCollectors><DataCollector friendlyName="blame" enabled="True"><Configuration><ResultsDirectory>C:\Quark\QuarkEdabitUnitTests\Quark.Edabit.Exercises.Test\bin\Debug\netcoreapp3.1\fine-code-coverage\coverage-tool-output</ResultsDirectory></Configuration></DataCollector></DataCollectors></DataCollectionRunSettings></RunSettings> and sources System.Linq.Enumerable+Concat2Iterator`1[System.String]: 
TpTrace Verbose: 0 : 32496, 5, 2021/09/25, 17:44:32.175, 8329822575737, vstest.console.dll, DataCollectionRequestSender.SendBeforeTestRunStartAndGetResult : Received message: (DataCollection.SendMessage) -> {
  "FriendlyName": null,
  "Uri": null,
  "TestCaseId": "00000000-0000-0000-0000-000000000000",
  "Message": "Logging DataCollector Diagnostics in file: C:\\Quark\\QuarkEdabitUnitTests\\Quark.Edabit.Exercises.Test\\bin\\Debug\\netcoreapp3.1\\fine-code-coverage\\coverage-tool-output\\diagnostics.datacollector.21-09-25_17-44-31_81908_5.log",
  "Level": 0
}
TpTrace Verbose: 0 : 32496, 5, 2021/09/25, 17:44:32.348, 8329824302187, vstest.console.dll, DataCollectionRequestSender.SendBeforeTestRunStartAndGetResult : Received message: (DataCollection.BeforeTestRunStartResult) -> {
  "EnvironmentVariables": {},
  "DataCollectionEventsPort": 63791
}
TpTrace Information: 0 : 32496, 5, 2021/09/25, 17:44:32.359, 8329824415034, vstest.console.dll, ProxyDataCollectionManager.BeforeTestRunStart: SendBeforeTestRunStartAndGetResult successful, env variable from datacollector:   and testhost port: 63791
TpTrace Information: 0 : 32496, 5, 2021/09/25, 17:44:32.360, 8329824416951, vstest.console.dll, ProxyDataCollectionManager.InvokeDataCollectionServiceAction: Completed.
TpTrace Verbose: 0 : 32496, 1, 2021/09/25, 17:44:32.360, 8329824419197, vstest.console.dll, TestRunRequest.ExecuteAsync: Creating test run request.
TpTrace Verbose: 0 : 32496, 1, 2021/09/25, 17:44:32.360, 8329824423774, vstest.console.dll, TestRunRequest.ExecuteAsync: Starting.
TpTrace Information: 0 : 32496, 1, 2021/09/25, 17:44:32.361, 8329824429084, vstest.console.dll, TestRunRequest.ExecuteAsync: Starting run with settings:TestRunCriteria:
   KeepAlive=False,FrequencyOfRunStatsChangeEvent=10,RunStatsChangeEventTimeout=00:00:01.5000000,TestCaseFilter=,TestExecutorLauncher=
   Settingsxml=<RunSettings>
  <RunConfiguration>
    <ResultsDirectory>C:\Quark\QuarkEdabitUnitTests\Quark.Edabit.Exercises.Test\bin\Debug\netcoreapp3.1\fine-code-coverage\coverage-tool-output</ResultsDirectory>
    <TargetPlatform>X64</TargetPlatform>
    <TargetFrameworkVersion>.NETCoreApp,Version=v3.1</TargetFrameworkVersion>
    <DesignMode>False</DesignMode>
    <CollectSourceInformation>False</CollectSourceInformation>
  </RunConfiguration>
  <LoggerRunSettings>
    <Loggers>
      <Logger friendlyName="blame" enabled="True" />
      <Logger friendlyName="Console" uri="logger://microsoft/TestPlatform/ConsoleLogger/v1" assemblyQualifiedName="Microsoft.VisualStudio.TestPlatform.CommandLine.Internal.ConsoleLogger, vstest.console, Version=15.0.0.0, Culture=neutral, PublicKeyToken=b03f5f7f11d50a3a" codeBase="C:\Program Files\dotnet\sdk\6.0.100-preview.7.21379.14\vstest.console.dll" enabled="True" />
    </Loggers>
  </LoggerRunSettings>
  <DataCollectionRunSettings>
    <DataCollectors>
      <DataCollector friendlyName="blame" enabled="True">
        <Configuration>
          <ResultsDirectory>C:\Quark\QuarkEdabitUnitTests\Quark.Edabit.Exercises.Test\bin\Debug\netcoreapp3.1\fine-code-coverage\coverage-tool-output</ResultsDirectory>
        </Configuration>
      </DataCollector>
    </DataCollectors>
  </DataCollectionRunSettings>
</RunSettings>

TpTrace Verbose: 0 : 32496, 1, 2021/09/25, 17:44:32.361, 8329824430012, vstest.console.dll, TestRunRequest.ExecuteAsync: Wait for the first run request is over.
TpTrace Verbose: 0 : 32496, 1, 2021/09/25, 17:44:32.362, 8329824436779, vstest.console.dll, ParallelProxyExecutionManager: Start execution. Total sources: 1
TpTrace Information: 0 : 32496, 1, 2021/09/25, 17:44:32.363, 8329824448244, vstest.console.dll, ProxyParallelExecutionManager: Triggering test run for next source: C:\Quark\QuarkEdabitUnitTests\Quark.Edabit.Exercises.Test\bin\Debug\netcoreapp3.1\fine-code-coverage\build-output\Quark.Edabit.Exercises.Test.dll
TpTrace Verbose: 0 : 32496, 5, 2021/09/25, 17:44:32.363, 8329824451427, vstest.console.dll, ParallelProxyExecutionManager: Execution started. Started clients: 1
TpTrace Verbose: 0 : 32496, 1, 2021/09/25, 17:44:32.363, 8329824452349, vstest.console.dll, ProxyParallelExecutionManager: No sources available for execution.
TpTrace Information: 0 : 32496, 1, 2021/09/25, 17:44:32.363, 8329824453437, vstest.console.dll, TestRunRequest.ExecuteAsync: Started.
TpTrace Verbose: 0 : 32496, 1, 2021/09/25, 17:44:32.363, 8329824455014, vstest.console.dll, TestRunRequest.WaitForCompletion: Waiting with timeout -1.
TpTrace Verbose: 0 : 32496, 5, 2021/09/25, 17:44:32.364, 8329824456308, vstest.console.dll, TestRunRequest:SendTestRunMessage: Starting.
TpTrace Information: 0 : 32496, 5, 2021/09/25, 17:44:32.364, 8329824458071, vstest.console.dll, TestRunRequest:SendTestRunMessage: Completed.
TpTrace Verbose: 0 : 32496, 5, 2021/09/25, 17:44:32.364, 8329824461212, vstest.console.dll, ProxyExecutionManager: Test host is always Lazy initialize.
TpTrace Verbose: 0 : 32496, 5, 2021/09/25, 17:44:32.364, 8329824465297, vstest.console.dll, TestRequestSender.InitializeCommunication: initialize communication. 
TpTrace Information: 0 : 32496, 5, 2021/09/25, 17:44:32.365, 8329824472708, vstest.console.dll, SocketServer.Start: Listening on endpoint : 127.0.0.1:63792
TpTrace Verbose: 0 : 32496, 5, 2021/09/25, 17:44:32.366, 8329824483357, vstest.console.dll, DotnetTestHostmanager: Adding  --runtimeconfig "C:\Quark\QuarkEdabitUnitTests\Quark.Edabit.Exercises.Test\bin\Debug\netcoreapp3.1\fine-code-coverage\build-output\Quark.Edabit.Exercises.Test.runtimeconfig.json" in args
TpTrace Verbose: 0 : 32496, 5, 2021/09/25, 17:44:32.366, 8329824485051, vstest.console.dll, DotnetTestHostmanager: Adding  --depsfile "C:\Quark\QuarkEdabitUnitTests\Quark.Edabit.Exercises.Test\bin\Debug\netcoreapp3.1\fine-code-coverage\build-output\Quark.Edabit.Exercises.Test.deps.json" in args
TpTrace Verbose: 0 : 32496, 5, 2021/09/25, 17:44:32.367, 8329824488207, vstest.console.dll, DotnetTestHostManager: Testhost.exe/testhost.x86.exe found at path: C:\Quark\QuarkEdabitUnitTests\Quark.Edabit.Exercises.Test\bin\Debug\netcoreapp3.1\fine-code-coverage\build-output\testhost.exe
TpTrace Verbose: 0 : 32496, 5, 2021/09/25, 17:44:32.367, 8329824489019, vstest.console.dll, DotnetTestHostmanager: Full path of host exe is C:\Quark\QuarkEdabitUnitTests\Quark.Edabit.Exercises.Test\bin\Debug\netcoreapp3.1\fine-code-coverage\build-output\testhost.exe
TpTrace Verbose: 0 : 32496, 7, 2021/09/25, 17:44:32.369, 8329824506289, vstest.console.dll, DotnetTestHostManager: Starting process 'C:\Quark\QuarkEdabitUnitTests\Quark.Edabit.Exercises.Test\bin\Debug\netcoreapp3.1\fine-code-coverage\build-output\testhost.exe' with command line ' --runtimeconfig "C:\Quark\QuarkEdabitUnitTests\Quark.Edabit.Exercises.Test\bin\Debug\netcoreapp3.1\fine-code-coverage\build-output\Quark.Edabit.Exercises.Test.runtimeconfig.json" --depsfile "C:\Quark\QuarkEdabitUnitTests\Quark.Edabit.Exercises.Test\bin\Debug\netcoreapp3.1\fine-code-coverage\build-output\Quark.Edabit.Exercises.Test.deps.json" --port 63792 --endpoint 127.0.0.1:063792 --role client --parentprocessid 32496 --diag "C:\Quark\QuarkEdabitUnitTests\Quark.Edabit.Exercises.Test\bin\Debug\netcoreapp3.1\fine-code-coverage\coverage-tool-output\diagnostics.host.21-09-25_17-44-32_36615_5.log" --tracelevel 4 --datacollectionport 63791 --telemetryoptedin false'
TpTrace Verbose: 0 : 32496, 7, 2021/09/25, 17:44:32.376, 8329824580692, vstest.console.dll, Test Runtime launched
TpTrace Verbose: 0 : 32496, 5, 2021/09/25, 17:44:32.377, 8329824592893, vstest.console.dll, TestRequestSender.WaitForRequestHandlerConnection: waiting for connection with timeout: 90000
TpTrace Verbose: 0 : 32496, 7, 2021/09/25, 17:44:32.684, 8329827659356, vstest.console.dll, SocketServer.OnClientConnected: Client connected for endPoint: 127.0.0.1:63792, starting MessageLoopAsync:
TpTrace Verbose: 0 : 32496, 14, 2021/09/25, 17:44:32.684, 8329827663611, vstest.console.dll, TcpClientExtensions.MessageLoopAsync: Polling on remoteEndPoint: 127.0.0.1:63793 localEndPoint: 127.0.0.1:63792
TpTrace Verbose: 0 : 32496, 14, 2021/09/25, 17:44:32.909, 8329829913554, vstest.console.dll, TcpClientExtensions.MessageLoopAsync: NotifyDataAvailable remoteEndPoint: 127.0.0.1:63793 localEndPoint: 127.0.0.1:63792
TpTrace Verbose: 0 : 32496, 14, 2021/09/25, 17:44:32.910, 8329829916974, vstest.console.dll, TestRequestSender.CheckVersionWithTestHost: onMessageReceived received message: (ProtocolVersion) -> 5
TpTrace Verbose: 0 : 32496, 14, 2021/09/25, 17:44:32.910, 8329829922579, vstest.console.dll, TcpClientExtensions.MessageLoopAsync: Polling on remoteEndPoint: 127.0.0.1:63793 localEndPoint: 127.0.0.1:63792
TpTrace Verbose: 0 : 32496, 5, 2021/09/25, 17:44:32.910, 8329829923798, vstest.console.dll, TestPluginCache.GetExtensionPaths: Filtered extension paths: 
TpTrace Verbose: 0 : 32496, 5, 2021/09/25, 17:44:32.910, 8329829924788, vstest.console.dll, TestPluginCache.GetExtensionPaths: Added default extension paths: C:\Program Files\dotnet\sdk\6.0.100-preview.7.21379.14\Extensions\Microsoft.Diagnostics.NETCore.Client.dll
C:\Program Files\dotnet\sdk\6.0.100-preview.7.21379.14\Extensions\Microsoft.TestPlatform.Extensions.BlameDataCollector.dll
C:\Program Files\dotnet\sdk\6.0.100-preview.7.21379.14\Extensions\Microsoft.TestPlatform.Extensions.EventLogCollector.dll
C:\Program Files\dotnet\sdk\6.0.100-preview.7.21379.14\Extensions\Microsoft.TestPlatform.TestHostRuntimeProvider.dll
C:\Program Files\dotnet\sdk\6.0.100-preview.7.21379.14\Extensions\Microsoft.VisualStudio.TestPlatform.Extensions.Html.TestLogger.dll
C:\Program Files\dotnet\sdk\6.0.100-preview.7.21379.14\Extensions\Microsoft.VisualStudio.TestPlatform.Extensions.Trx.TestLogger.dll
TpTrace Verbose: 0 : 32496, 5, 2021/09/25, 17:44:32.910, 8329829925256, vstest.console.dll, TestPluginCache.GetExtensionPaths: Added unfilterableExtensionPaths: 
TpTrace Verbose: 0 : 32496, 5, 2021/09/25, 17:44:32.915, 8329829974037, vstest.console.dll, TestRequestSender.InitializeExecution: Sending initializing execution with message: {"Version":5,"MessageType":"TestExecution.Initialize","Payload":["C:\\Quark\\QuarkEdabitUnitTests\\Quark.Edabit.Exercises.Test\\bin\\Debug\\netcoreapp3.1\\fine-code-coverage\\build-output\\xunit.runner.visualstudio.dotnetcore.testadapter.dll"]}
TpTrace Verbose: 0 : 32496, 14, 2021/09/25, 17:44:32.926, 8329830078178, vstest.console.dll, TcpClientExtensions.MessageLoopAsync: NotifyDataAvailable remoteEndPoint: 127.0.0.1:63793 localEndPoint: 127.0.0.1:63792
TpTrace Verbose: 0 : 32496, 14, 2021/09/25, 17:44:32.932, 8329830136383, vstest.console.dll, TestRequestSender.OnExecutionMessageReceived: Received message: {"Version":5,"MessageType":"TestSession.Message","Payload":{"MessageLevel":0,"Message":"Logging TestHost Diagnostics in file: C:\\Quark\\QuarkEdabitUnitTests\\Quark.Edabit.Exercises.Test\\bin\\Debug\\netcoreapp3.1\\fine-code-coverage\\coverage-tool-output\\diagnostics.host.21-09-25_17-44-32_36615_5.log"}}
TpTrace Verbose: 0 : 32496, 14, 2021/09/25, 17:44:32.935, 8329830172562, vstest.console.dll, TestRunRequest:SendTestRunMessage: Starting.
TpTrace Verbose: 0 : 32496, 5, 2021/09/25, 17:44:32.935, 8329830172508, vstest.console.dll, TestRequestSender.StartTestRun: Sending test run with message: {"Version":5,"MessageType":"TestExecution.StartWithSources","Payload":{"AdapterSourceMap":{"_none_":["C:\\Quark\\QuarkEdabitUnitTests\\Quark.Edabit.Exercises.Test\\bin\\Debug\\netcoreapp3.1\\fine-code-coverage\\build-output\\Quark.Edabit.Exercises.Test.dll"]},"RunSettings":"<RunSettings>\r\n  <RunConfiguration>\r\n    <ResultsDirectory>C:\\Quark\\QuarkEdabitUnitTests\\Quark.Edabit.Exercises.Test\\bin\\Debug\\netcoreapp3.1\\fine-code-coverage\\coverage-tool-output</ResultsDirectory>\r\n    <TargetPlatform>X64</TargetPlatform>\r\n    <TargetFrameworkVersion>.NETCoreApp,Version=v3.1</TargetFrameworkVersion>\r\n    <DesignMode>False</DesignMode>\r\n    <CollectSourceInformation>False</CollectSourceInformation>\r\n  </RunConfiguration>\r\n  <LoggerRunSettings>\r\n    <Loggers>\r\n      <Logger friendlyName=\"blame\" enabled=\"True\" />\r\n      <Logger friendlyName=\"Console\" uri=\"logger://microsoft/TestPlatform/ConsoleLogger/v1\" assemblyQualifiedName=\"Microsoft.VisualStudio.TestPlatform.CommandLine.Internal.ConsoleLogger, vstest.console, Version=15.0.0.0, Culture=neutral, PublicKeyToken=b03f5f7f11d50a3a\" codeBase=\"C:\\Program Files\\dotnet\\sdk\\6.0.100-preview.7.21379.14\\vstest.console.dll\" enabled=\"True\" />\r\n    </Loggers>\r\n  </LoggerRunSettings>\r\n  <DataCollectionRunSettings>\r\n    <DataCollectors>\r\n      <DataCollector friendlyName=\"blame\" enabled=\"True\">\r\n        <Configuration>\r\n          <ResultsDirectory>C:\\Quark\\QuarkEdabitUnitTests\\Quark.Edabit.Exercises.Test\\bin\\Debug\\netcoreapp3.1\\fine-code-coverage\\coverage-tool-output</ResultsDirectory>\r\n        </Configuration>\r\n      </DataCollector>\r\n    </DataCollectors>\r\n  </DataCollectionRunSettings>\r\n</RunSettings>","TestExecutionContext":{"FrequencyOfRunStatsChangeEvent":10,"RunStatsChangeEventTimeout":"00:00:01.5000000","InIsolation":false,"KeepAlive":false,"AreTestCaseLevelEventsRequired":false,"IsDebug":false,"TestCaseFilter":null,"FilterOptions":null},"Package":null}}
TpTrace Information: 0 : 32496, 14, 2021/09/25, 17:44:32.935, 8329830174407, vstest.console.dll, TestRunRequest:SendTestRunMessage: Completed.
TpTrace Verbose: 0 : 32496, 14, 2021/09/25, 17:44:32.936, 8329830176028, vstest.console.dll, TcpClientExtensions.MessageLoopAsync: Polling on remoteEndPoint: 127.0.0.1:63793 localEndPoint: 127.0.0.1:63792
TpTrace Verbose: 0 : 32496, 14, 2021/09/25, 17:44:33.142, 8329832239587, vstest.console.dll, TcpClientExtensions.MessageLoopAsync: NotifyDataAvailable remoteEndPoint: 127.0.0.1:63793 localEndPoint: 127.0.0.1:63792
TpTrace Verbose: 0 : 32496, 14, 2021/09/25, 17:44:33.142, 8329832241289, vstest.console.dll, TestRequestSender.OnExecutionMessageReceived: Received message: {"Version":5,"MessageType":"TestSession.Message","Payload":{"MessageLevel":0,"Message":"[xUnit.net 00:00:00.00] xUnit.net VSTest Adapter v2.4.3+1b45f5407b (64-bit .NET Core 3.1.18)"}}
TpTrace Verbose: 0 : 32496, 14, 2021/09/25, 17:44:33.142, 8329832244112, vstest.console.dll, TestRunRequest:SendTestRunMessage: Starting.
TpTrace Information: 0 : 32496, 14, 2021/09/25, 17:44:33.142, 8329832244879, vstest.console.dll, TestRunRequest:SendTestRunMessage: Completed.
TpTrace Verbose: 0 : 32496, 14, 2021/09/25, 17:44:33.142, 8329832245365, vstest.console.dll, TcpClientExtensions.MessageLoopAsync: Polling on remoteEndPoint: 127.0.0.1:63793 localEndPoint: 127.0.0.1:63792
TpTrace Verbose: 0 : 32496, 14, 2021/09/25, 17:44:33.819, 8329839015202, vstest.console.dll, TcpClientExtensions.MessageLoopAsync: NotifyDataAvailable remoteEndPoint: 127.0.0.1:63793 localEndPoint: 127.0.0.1:63792
TpTrace Verbose: 0 : 32496, 14, 2021/09/25, 17:44:33.820, 8329839016656, vstest.console.dll, TestRequestSender.OnExecutionMessageReceived: Received message: {"Version":5,"MessageType":"TestSession.Message","Payload":{"MessageLevel":0,"Message":"[xUnit.net 00:00:00.68]   Discovering: Quark.Edabit.Exercises.Test"}}
TpTrace Verbose: 0 : 32496, 14, 2021/09/25, 17:44:33.820, 8329839019142, vstest.console.dll, TestRunRequest:SendTestRunMessage: Starting.
TpTrace Information: 0 : 32496, 14, 2021/09/25, 17:44:33.820, 8329839019890, vstest.console.dll, TestRunRequest:SendTestRunMessage: Completed.
TpTrace Verbose: 0 : 32496, 14, 2021/09/25, 17:44:33.820, 8329839020282, vstest.console.dll, TcpClientExtensions.MessageLoopAsync: Polling on remoteEndPoint: 127.0.0.1:63793 localEndPoint: 127.0.0.1:63792
TpTrace Verbose: 0 : 32496, 14, 2021/09/25, 17:44:33.900, 8329839820913, vstest.console.dll, TcpClientExtensions.MessageLoopAsync: NotifyDataAvailable remoteEndPoint: 127.0.0.1:63793 localEndPoint: 127.0.0.1:63792
TpTrace Verbose: 0 : 32496, 14, 2021/09/25, 17:44:33.900, 8329839824410, vstest.console.dll, TestRequestSender.OnExecutionMessageReceived: Received message: {"Version":5,"MessageType":"TestSession.Message","Payload":{"MessageLevel":0,"Message":"[xUnit.net 00:00:00.76]   Discovered:  Quark.Edabit.Exercises.Test"}}
TpTrace Verbose: 0 : 32496, 14, 2021/09/25, 17:44:33.901, 8329839827851, vstest.console.dll, TestRunRequest:SendTestRunMessage: Starting.
TpTrace Information: 0 : 32496, 14, 2021/09/25, 17:44:33.901, 8329839829081, vstest.console.dll, TestRunRequest:SendTestRunMessage: Completed.
TpTrace Verbose: 0 : 32496, 14, 2021/09/25, 17:44:33.901, 8329839829514, vstest.console.dll, TcpClientExtensions.MessageLoopAsync: Polling on remoteEndPoint: 127.0.0.1:63793 localEndPoint: 127.0.0.1:63792
TpTrace Verbose: 0 : 32496, 14, 2021/09/25, 17:44:33.904, 8329839861819, vstest.console.dll, TcpClientExtensions.MessageLoopAsync: NotifyDataAvailable remoteEndPoint: 127.0.0.1:63793 localEndPoint: 127.0.0.1:63792
TpTrace Verbose: 0 : 32496, 14, 2021/09/25, 17:44:33.904, 8329839863176, vstest.console.dll, TestRequestSender.OnExecutionMessageReceived: Received message: {"Version":5,"MessageType":"TestSession.Message","Payload":{"MessageLevel":0,"Message":"[xUnit.net 00:00:00.76]   Starting:    Quark.Edabit.Exercises.Test"}}
TpTrace Verbose: 0 : 32496, 14, 2021/09/25, 17:44:33.904, 8329839864983, vstest.console.dll, TestRunRequest:SendTestRunMessage: Starting.
TpTrace Information: 0 : 32496, 14, 2021/09/25, 17:44:33.904, 8329839865587, vstest.console.dll, TestRunRequest:SendTestRunMessage: Completed.
TpTrace Verbose: 0 : 32496, 14, 2021/09/25, 17:44:33.905, 8329839865948, vstest.console.dll, TcpClientExtensions.MessageLoopAsync: Polling on remoteEndPoint: 127.0.0.1:63793 localEndPoint: 127.0.0.1:63792
TpTrace Verbose: 0 : 32496, 14, 2021/09/25, 17:44:34.091, 8329841731028, vstest.console.dll, TcpClientExtensions.MessageLoopAsync: NotifyDataAvailable remoteEndPoint: 127.0.0.1:63793 localEndPoint: 127.0.0.1:63792
TpTrace Verbose: 0 : 32496, 14, 2021/09/25, 17:44:34.091, 8329841734452, vstest.console.dll, TestRequestSender.OnExecutionMessageReceived: Received message: {"Version":5,"MessageType":"TestExecution.StatsChange","Payload":{"NewTestResults":[{"TestCase":{"Id":"755a441f-c61e-d4ef-1c09-cf05648dfa93","FullyQualifiedName":"Quark.Edabit.Exercises.Test.EdabitChallengesVeryEasyTests.LessThanOrEqualToZero_Return","DisplayName":"Quark.Edabit.Exercises.Test.EdabitChallengesVeryEasyTests.LessThanOrEqualToZero_Return(number: 100, expected: False)","ExecutorUri":"executor://xunit/VsTestRunner2/netcoreapp","Source":"C:\\Quark\\QuarkEdabitUnitTests\\Quark.Edabit.Exercises.Test\\bin\\Debug\\netcoreapp3.1\\fine-code-coverage\\build-output\\Quark.Edabit.Exercises.Test.dll","CodeFilePath":null,"LineNumber":0,"Properties":[]},"Attachments":[],"Outcome":1,"ErrorMessage":null,"ErrorStackTrace":null,"DisplayName":"Quark.Edabit.Exercises.Test.EdabitChallengesVeryEasyTests.LessThanOrEqualToZero_Return(number: 100, expected: False)","Messages":[],"ComputerName":"DALZUETA-LAPTOP","Duration":"00:00:00.0072139","StartTime":"2021-09-25T20:44:33.9977497+00:00","EndTime":"2021-09-25T20:44:33.9978423+00:00","Properties":[]},{"TestCase":{"Id":"ddff868e-943f-f32b-8cb2-b09350d810fa","FullyQualifiedName":"Quark.Edabit.Exercises.Test.EdabitChallengesVeryEasyTests.LessThanOrEqualToZero_Return","DisplayName":"Quark.Edabit.Exercises.Test.EdabitChallengesVeryEasyTests.LessThanOrEqualToZero_Return(number: 3.5, expected: False)","ExecutorUri":"executor://xunit/VsTestRunner2/netcoreapp","Source":"C:\\Quark\\QuarkEdabitUnitTests\\Quark.Edabit.Exercises.Test\\bin\\Debug\\netcoreapp3.1\\fine-code-coverage\\build-output\\Quark.Edabit.Exercises.Test.dll","CodeFilePath":null,"LineNumber":0,"Properties":[]},"Attachments":[],"Outcome":1,"ErrorMessage":null,"ErrorStackTrace":null,"DisplayName":"Quark.Edabit.Exercises.Test.EdabitChallengesVeryEasyTests.LessThanOrEqualToZero_Return(number: 3.5, expected: False)","Messages":[],"ComputerName":"DALZUETA-LAPTOP","Duration":"00:00:00.0000450","StartTime":"2021-09-25T20:44:34.0240086+00:00","EndTime":"2021-09-25T20:44:34.0240131+00:00","Properties":[]},{"TestCase":{"Id":"bcba0e49-ff33-3932-a329-1c5949b09033","FullyQualifiedName":"Quark.Edabit.Exercises.Test.EdabitChallengesVeryEasyTests.LessThanOrEqualToZero_Return","DisplayName":"Quark.Edabit.Exercises.Test.EdabitChallengesVeryEasyTests.LessThanOrEqualToZero_Return(number: -1, expected: True)","ExecutorUri":"executor://xunit/VsTestRunner2/netcoreapp","Source":"C:\\Quark\\QuarkEdabitUnitTests\\Quark.Edabit.Exercises.Test\\bin\\Debug\\netcoreapp3.1\\fine-code-coverage\\build-output\\Quark.Edabit.Exercises.Test.dll","CodeFilePath":null,"LineNumber":0,"Properties":[]},"Attachments":[],"Outcome":1,"ErrorMessage":null,"ErrorStackTrace":null,"DisplayName":"Quark.Edabit.Exercises.Test.EdabitChallengesVeryEasyTests.LessThanOrEqualToZero_Return(number: -1, expected: True)","Messages":[],"ComputerName":"DALZUETA-LAPTOP","Duration":"00:00:00.0000077","StartTime":"2021-09-25T20:44:34.027444+00:00","EndTime":"2021-09-25T20:44:34.0274481+00:00","Properties":[]},{"TestCase":{"Id":"4c066941-6120-5a66-cd21-73d4d9584afc","FullyQualifiedName":"Quark.Edabit.Exercises.Test.EdabitChallengesVeryEasyTests.LessThanOrEqualToZero_Return","DisplayName":"Quark.Edabit.Exercises.Test.EdabitChallengesVeryEasyTests.LessThanOrEqualToZero_Return(number: 2, expected: False)","ExecutorUri":"executor://xunit/VsTestRunner2/netcoreapp","Source":"C:\\Quark\\QuarkEdabitUnitTests\\Quark.Edabit.Exercises.Test\\bin\\Debug\\netcoreapp3.1\\fine-code-coverage\\build-output\\Quark.Edabit.Exercises.Test.dll","CodeFilePath":null,"LineNumber":0,"Properties":[]},"Attachments":[],"Outcome":1,"ErrorMessage":null,"ErrorStackTrace":null,"DisplayName":"Quark.Edabit.Exercises.Test.EdabitChallengesVeryEasyTests.LessThanOrEqualToZero_Return(number: 2, expected: False)","Messages":[],"ComputerName":"DALZUETA-LAPTOP","Duration":"00:00:00.0000054","StartTime":"2021-09-25T20:44:34.0300773+00:00","EndTime":"2021-09-25T20:44:34.03008+00:00","Properties":[]},{"TestCase":{"Id":"424da3de-5ee6-d0e9-5907-a60f8bc9956d","FullyQualifiedName":"Quark.Edabit.Exercises.Test.EdabitChallengesVeryEasyTests.LessThanOrEqualToZero_Return","DisplayName":"Quark.Edabit.Exercises.Test.EdabitChallengesVeryEasyTests.LessThanOrEqualToZero_Return(number: 0.001, expected: False)","ExecutorUri":"executor://xunit/VsTestRunner2/netcoreapp","Source":"C:\\Quark\\QuarkEdabitUnitTests\\Quark.Edabit.Exercises.Test\\bin\\Debug\\netcoreapp3.1\\fine-code-coverage\\build-output\\Quark.Edabit.Exercises.Test.dll","CodeFilePath":null,"LineNumber":0,"Properties":[]},"Attachments":[],"Outcome":1,"ErrorMessage":null,"ErrorStackTrace":null,"DisplayName":"Quark.Edabit.Exercises.Test.EdabitChallengesVeryEasyTests.LessThanOrEqualToZero_Return(number: 0.001, expected: False)","Messages":[],"ComputerName":"DALZUETA-LAPTOP","Duration":"00:00:00.0000050","StartTime":"2021-09-25T20:44:34.0328383+00:00","EndTime":"2021-09-25T20:44:34.0328419+00:00","Properties":[]},{"TestCase":{"Id":"4f4e1e19-0f50-9251-e516-4ec410e0df9d","FullyQualifiedName":"Quark.Edabit.Exercises.Test.EdabitChallengesVeryEasyTests.LessThanOrEqualToZero_Return","DisplayName":"Quark.Edabit.Exercises.Test.EdabitChallengesVeryEasyTests.LessThanOrEqualToZero_Return(number: 0, expected: True)","ExecutorUri":"executor://xunit/VsTestRunner2/netcoreapp","Source":"C:\\Quark\\QuarkEdabitUnitTests\\Quark.Edabit.Exercises.Test\\bin\\Debug\\netcoreapp3.1\\fine-code-coverage\\build-output\\Quark.Edabit.Exercises.Test.dll","CodeFilePath":null,"LineNumber":0,"Properties":[]},"Attachments":[],"Outcome":1,"ErrorMessage":null,"ErrorStackTrace":null,"DisplayName":"Quark.Edabit.Exercises.Test.EdabitChallengesVeryEasyTests.LessThanOrEqualToZero_Return(number: 0, expected: True)","Messages":[],"ComputerName":"DALZUETA-LAPTOP","Duration":"00:00:00.0000060","StartTime":"2021-09-25T20:44:34.0367023+00:00","EndTime":"2021-09-25T20:44:34.0367057+00:00","Properties":[]},{"TestCase":{"Id":"43608d0a-56ba-2c56-9101-51f4a19f90d3","FullyQualifiedName":"Quark.Edabit.Exercises.Test.EdabitChallengesVeryEasyTests.AnimalsTest","DisplayName":"Quark.Edabit.Exercises.Test.EdabitChallengesVeryEasyTests.AnimalsTest(chickens: 5, cows: 2, pigs: 8, expected: 50)","ExecutorUri":"executor://xunit/VsTestRunner2/netcoreapp","Source":"C:\\Quark\\QuarkEdabitUnitTests\\Quark.Edabit.Exercises.Test\\bin\\Debug\\netcoreapp3.1\\fine-code-coverage\\build-output\\Quark.Edabit.Exercises.Test.dll","CodeFilePath":null,"LineNumber":0,"Properties":[]},"Attachments":[],"Outcome":1,"ErrorMessage":null,"ErrorStackTrace":null,"DisplayName":"Quark.Edabit.Exercises.Test.EdabitChallengesVeryEasyTests.AnimalsTest(chickens: 5, cows: 2, pigs: 8, expected: 50)","Messages":[],"ComputerName":"DALZUETA-LAPTOP","Duration":"00:00:00.0022783","StartTime":"2021-09-25T20:44:34.0394588+00:00","EndTime":"2021-09-25T20:44:34.0394612+00:00","Properties":[]},{"TestCase":{"Id":"c8017db8-db6c-4e85-be85-c79d15892dae","FullyQualifiedName":"Quark.Edabit.Exercises.Test.EdabitChallengesVeryEasyTests.AnimalsTest","DisplayName":"Quark.Edabit.Exercises.Test.EdabitChallengesVeryEasyTests.AnimalsTest(chickens: 2, cows: 3, pigs: 5, expected: 36)","ExecutorUri":"executor://xunit/VsTestRunner2/netcoreapp","Source":"C:\\Quark\\QuarkEdabitUnitTests\\Quark.Edabit.Exercises.Test\\bin\\Debug\\netcoreapp3.1\\fine-code-coverage\\build-output\\Quark.Edabit.Exercises.Test.dll","CodeFilePath":null,"LineNumber":0,"Properties":[]},"Attachments":[],"Outcome":1,"ErrorMessage":null,"ErrorStackTrace":null,"DisplayName":"Quark.Edabit.Exercises.Test.EdabitChallengesVeryEasyTests.AnimalsTest(chickens: 2, cows: 3, pigs: 5, expected: 36)","Messages":[],"ComputerName":"DALZUETA-LAPTOP","Duration":"00:00:00.0000310","StartTime":"2021-09-25T20:44:34.0416221+00:00","EndTime":"2021-09-25T20:44:34.0416246+00:00","Properties":[]},{"TestCase":{"Id":"4ae71815-4c88-5855-44c8-39acfb5ac22b","FullyQualifiedName":"Quark.Edabit.Exercises.Test.EdabitChallengesVeryEasyTests.AnimalsTest","DisplayName":"Quark.Edabit.Exercises.Test.EdabitChallengesVeryEasyTests.AnimalsTest(chickens: 1, cows: 2, pigs: 3, expected: 22)","ExecutorUri":"executor://xunit/VsTestRunner2/netcoreapp","Source":"C:\\Quark\\QuarkEdabitUnitTests\\Quark.Edabit.Exercises.Test\\bin\\Debug\\netcoreapp3.1\\fine-code-coverage\\build-output\\Quark.Edabit.Exercises.Test.dll","CodeFilePath":null,"LineNumber":0,"Properties":[]},"Attachments":[],"Outcome":1,"ErrorMessage":null,"ErrorStackTrace":null,"DisplayName":"Quark.Edabit.Exercises.Test.EdabitChallengesVeryEasyTests.AnimalsTest(chickens: 1, cows: 2, pigs: 3, expected: 22)","Messages":[],"ComputerName":"DALZUETA-LAPTOP","Duration":"00:00:00.0000066","StartTime":"2021-09-25T20:44:34.0437467+00:00","EndTime":"2021-09-25T20:44:34.0437486+00:00","Properties":[]}],"TestRunStatistics":{"ExecutedTests":9,"Stats":{"Passed":9}},"ActiveTests":[{"Id":"62d35c26-326c-8f53-6b85-f10dfcea54f9","FullyQualifiedName":"Quark.Edabit.Exercises.Test.EdabitChallengesVeryEasyTests.FootballPointsTest","DisplayName":"Quark.Edabit.Exercises.Test.EdabitChallengesVeryEasyTests.FootballPointsTest(wins: 0, draws: 0, losses: 1, expected: 0)","ExecutorUri":"executor://xunit/VsTestRunner2/netcoreapp","Source":"C:\\Quark\\QuarkEdabitUnitTests\\Quark.Edabit.Exercises.Test\\bin\\Debug\\netcoreapp3.1\\fine-code-coverage\\build-output\\Quark.Edabit.Exercises.Test.dll","CodeFilePath":null,"LineNumber":0,"Properties":[]}]}}
TpTrace Verbose: 0 : 32496, 14, 2021/09/25, 17:44:34.125, 8329842065953, vstest.console.dll, TestRunRequest:SendTestRunStatsChange: Starting.
TpTrace Verbose: 0 : 32496, 14, 2021/09/25, 17:44:34.125, 8329842067607, vstest.console.dll, InProgress is Quark.Edabit.Exercises.Test.EdabitChallengesVeryEasyTests.FootballPointsTest(wins: 0, draws: 0, losses: 1, expected: 0)
TpTrace Information: 0 : 32496, 14, 2021/09/25, 17:44:34.125, 8329842069972, vstest.console.dll, TestRunRequest:SendTestRunStatsChange: Completed.
TpTrace Verbose: 0 : 32496, 14, 2021/09/25, 17:44:34.125, 8329842070472, vstest.console.dll, TcpClientExtensions.MessageLoopAsync: Polling on remoteEndPoint: 127.0.0.1:63793 localEndPoint: 127.0.0.1:63792
TpTrace Verbose: 0 : 32496, 14, 2021/09/25, 17:44:34.125, 8329842070917, vstest.console.dll, TcpClientExtensions.MessageLoopAsync: NotifyDataAvailable remoteEndPoint: 127.0.0.1:63793 localEndPoint: 127.0.0.1:63792
TpTrace Verbose: 0 : 32496, 14, 2021/09/25, 17:44:34.125, 8329842072293, vstest.console.dll, TestRequestSender.OnExecutionMessageReceived: Received message: {"Version":5,"MessageType":"TestExecution.StatsChange","Payload":{"NewTestResults":[{"TestCase":{"Id":"62d35c26-326c-8f53-6b85-f10dfcea54f9","FullyQualifiedName":"Quark.Edabit.Exercises.Test.EdabitChallengesVeryEasyTests.FootballPointsTest","DisplayName":"Quark.Edabit.Exercises.Test.EdabitChallengesVeryEasyTests.FootballPointsTest(wins: 0, draws: 0, losses: 1, expected: 0)","ExecutorUri":"executor://xunit/VsTestRunner2/netcoreapp","Source":"C:\\Quark\\QuarkEdabitUnitTests\\Quark.Edabit.Exercises.Test\\bin\\Debug\\netcoreapp3.1\\fine-code-coverage\\build-output\\Quark.Edabit.Exercises.Test.dll","CodeFilePath":null,"LineNumber":0,"Properties":[]},"Attachments":[],"Outcome":1,"ErrorMessage":null,"ErrorStackTrace":null,"DisplayName":"Quark.Edabit.Exercises.Test.EdabitChallengesVeryEasyTests.FootballPointsTest(wins: 0, draws: 0, losses: 1, expected: 0)","Messages":[],"ComputerName":"DALZUETA-LAPTOP","Duration":"00:00:00.0027483","StartTime":"2021-09-25T20:44:34.0930273+00:00","EndTime":"2021-09-25T20:44:34.0930366+00:00","Properties":[]},{"TestCase":{"Id":"2a46aed9-8b01-5055-1514-1d80f15dd8fd","FullyQualifiedName":"Quark.Edabit.Exercises.Test.EdabitChallengesVeryEasyTests.FootballPointsTest","DisplayName":"Quark.Edabit.Exercises.Test.EdabitChallengesVeryEasyTests.FootballPointsTest(wins: 3, draws: 4, losses: 2, expected: 13)","ExecutorUri":"executor://xunit/VsTestRunner2/netcoreapp","Source":"C:\\Quark\\QuarkEdabitUnitTests\\Quark.Edabit.Exercises.Test\\bin\\Debug\\netcoreapp3.1\\fine-code-coverage\\build-output\\Quark.Edabit.Exercises.Test.dll","CodeFilePath":null,"LineNumber":0,"Properties":[]},"Attachments":[],"Outcome":1,"ErrorMessage":null,"ErrorStackTrace":null,"DisplayName":"Quark.Edabit.Exercises.Test.EdabitChallengesVeryEasyTests.FootballPointsTest(wins: 3, draws: 4, losses: 2, expected: 13)","Messages":[],"ComputerName":"DALZUETA-LAPTOP","Duration":"00:00:00.0000420","StartTime":"2021-09-25T20:44:34.0967406+00:00","EndTime":"2021-09-25T20:44:34.0967442+00:00","Properties":[]},{"TestCase":{"Id":"c8b8e751-9808-8441-efbe-f3d805f844ba","FullyQualifiedName":"Quark.Edabit.Exercises.Test.EdabitChallengesVeryEasyTests.FootballPointsTest","DisplayName":"Quark.Edabit.Exercises.Test.EdabitChallengesVeryEasyTests.FootballPointsTest(wins: 5, draws: 0, losses: 2, expected: 15)","ExecutorUri":"executor://xunit/VsTestRunner2/netcoreapp","Source":"C:\\Quark\\QuarkEdabitUnitTests\\Quark.Edabit.Exercises.Test\\bin\\Debug\\netcoreapp3.1\\fine-code-coverage\\build-output\\Quark.Edabit.Exercises.Test.dll","CodeFilePath":null,"LineNumber":0,"Properties":[]},"Attachments":[],"Outcome":1,"ErrorMessage":null,"ErrorStackTrace":null,"DisplayName":"Quark.Edabit.Exercises.Test.EdabitChallengesVeryEasyTests.FootballPointsTest(wins: 5, draws: 0, losses: 2, expected: 15)","Messages":[],"ComputerName":"DALZUETA-LAPTOP","Duration":"00:00:00.0000081","StartTime":"2021-09-25T20:44:34.0995725+00:00","EndTime":"2021-09-25T20:44:34.0995761+00:00","Properties":[]},{"TestCase":{"Id":"32b620d3-f531-54b1-9087-53cfa4ed95d6","FullyQualifiedName":"Quark.Edabit.Exercises.Test.EdabitChallengesVeryEasyTests.FindPerimeterTest","DisplayName":"Quark.Edabit.Exercises.Test.EdabitChallengesVeryEasyTests.FindPerimeterTest(length: 6, width: 7, expected: 26)","ExecutorUri":"executor://xunit/VsTestRunner2/netcoreapp","Source":"C:\\Quark\\QuarkEdabitUnitTests\\Quark.Edabit.Exercises.Test\\bin\\Debug\\netcoreapp3.1\\fine-code-coverage\\build-output\\Quark.Edabit.Exercises.Test.dll","CodeFilePath":null,"LineNumber":0,"Properties":[]},"Attachments":[],"Outcome":1,"ErrorMessage":null,"ErrorStackTrace":null,"DisplayName":"Quark.Edabit.Exercises.Test.EdabitChallengesVeryEasyTests.FindPerimeterTest(length: 6, width: 7, expected: 26)","Messages":[],"ComputerName":"DALZUETA-LAPTOP","Duration":"00:00:00.0002044","StartTime":"2021-09-25T20:44:34.1028103+00:00","EndTime":"2021-09-25T20:44:34.1028144+00:00","Properties":[]},{"TestCase":{"Id":"4c1a2180-5e57-79e1-0491-00810e88ed0e","FullyQualifiedName":"Quark.Edabit.Exercises.Test.EdabitChallengesVeryEasyTests.FindPerimeterTest","DisplayName":"Quark.Edabit.Exercises.Test.EdabitChallengesVeryEasyTests.FindPerimeterTest(length: 2, width: 9, expected: 22)","ExecutorUri":"executor://xunit/VsTestRunner2/netcoreapp","Source":"C:\\Quark\\QuarkEdabitUnitTests\\Quark.Edabit.Exercises.Test\\bin\\Debug\\netcoreapp3.1\\fine-code-coverage\\build-output\\Quark.Edabit.Exercises.Test.dll","CodeFilePath":null,"LineNumber":0,"Properties":[]},"Attachments":[],"Outcome":1,"ErrorMessage":null,"ErrorStackTrace":null,"DisplayName":"Quark.Edabit.Exercises.Test.EdabitChallengesVeryEasyTests.FindPerimeterTest(length: 2, width: 9, expected: 22)","Messages":[],"ComputerName":"DALZUETA-LAPTOP","Duration":"00:00:00.0000115","StartTime":"2021-09-25T20:44:34.1095202+00:00","EndTime":"2021-09-25T20:44:34.1095264+00:00","Properties":[]},{"TestCase":{"Id":"1a9e84a6-208f-5105-0d80-bd9f2008812e","FullyQualifiedName":"Quark.Edabit.Exercises.Test.EdabitChallengesVeryEasyTests.FindPerimeterTest","DisplayName":"Quark.Edabit.Exercises.Test.EdabitChallengesVeryEasyTests.FindPerimeterTest(length: 20, width: 10, expected: 60)","ExecutorUri":"executor://xunit/VsTestRunner2/netcoreapp","Source":"C:\\Quark\\QuarkEdabitUnitTests\\Quark.Edabit.Exercises.Test\\bin\\Debug\\netcoreapp3.1\\fine-code-coverage\\build-output\\Quark.Edabit.Exercises.Test.dll","CodeFilePath":null,"LineNumber":0,"Properties":[]},"Attachments":[],"Outcome":1,"ErrorMessage":null,"ErrorStackTrace":null,"DisplayName":"Quark.Edabit.Exercises.Test.EdabitChallengesVeryEasyTests.FindPerimeterTest(length: 20, width: 10, expected: 60)","Messages":[],"ComputerName":"DALZUETA-LAPTOP","Duration":"00:00:00.0000056","StartTime":"2021-09-25T20:44:34.1121814+00:00","EndTime":"2021-09-25T20:44:34.1121846+00:00","Properties":[]},{"TestCase":{"Id":"3b011c58-8644-a283-6801-312f5ad00eba","FullyQualifiedName":"Quark.Edabit.Exercises.Test.EdabitChallengesVeryEasyTests.PointsTest","DisplayName":"Quark.Edabit.Exercises.Test.EdabitChallengesVeryEasyTests.PointsTest(doublesPoints: 7, triplesPoints: 5, expected: 29)","ExecutorUri":"executor://xunit/VsTestRunner2/netcoreapp","Source":"C:\\Quark\\QuarkEdabitUnitTests\\Quark.Edabit.Exercises.Test\\bin\\Debug\\netcoreapp3.1\\fine-code-coverage\\build-output\\Quark.Edabit.Exercises.Test.dll","CodeFilePath":null,"LineNumber":0,"Properties":[]},"Attachments":[],"Outcome":1,"ErrorMessage":null,"ErrorStackTrace":null,"DisplayName":"Quark.Edabit.Exercises.Test.EdabitChallengesVeryEasyTests.PointsTest(doublesPoints: 7, triplesPoints: 5, expected: 29)","Messages":[],"ComputerName":"DALZUETA-LAPTOP","Duration":"00:00:00.0001777","StartTime":"2021-09-25T20:44:34.1145009+00:00","EndTime":"2021-09-25T20:44:34.1145032+00:00","Properties":[]},{"TestCase":{"Id":"630aabe8-3e17-3e7f-10b7-8c0629c567ed","FullyQualifiedName":"Quark.Edabit.Exercises.Test.EdabitChallengesVeryEasyTests.PointsTest","DisplayName":"Quark.Edabit.Exercises.Test.EdabitChallengesVeryEasyTests.PointsTest(doublesPoints: 38, triplesPoints: 8, expected: 100)","ExecutorUri":"executor://xunit/VsTestRunner2/netcoreapp","Source":"C:\\Quark\\QuarkEdabitUnitTests\\Quark.Edabit.Exercises.Test\\bin\\Debug\\netcoreapp3.1\\fine-code-coverage\\build-output\\Quark.Edabit.Exercises.Test.dll","CodeFilePath":null,"LineNumber":0,"Properties":[]},"Attachments":[],"Outcome":1,"ErrorMessage":null,"ErrorStackTrace":null,"DisplayName":"Quark.Edabit.Exercises.Test.EdabitChallengesVeryEasyTests.PointsTest(doublesPoints: 38, triplesPoints: 8, expected: 100)","Messages":[],"ComputerName":"DALZUETA-LAPTOP","Duration":"00:00:00.0000105","StartTime":"2021-09-25T20:44:34.1166299+00:00","EndTime":"2021-09-25T20:44:34.1166324+00:00","Properties":[]},{"TestCase":{"Id":"2e72f5ee-4c9c-3ba2-185c-921ce84cde30","FullyQualifiedName":"Quark.Edabit.Exercises.Test.EdabitChallengesVeryEasyTests.PointsTest","DisplayName":"Quark.Edabit.Exercises.Test.EdabitChallengesVeryEasyTests.PointsTest(doublesPoints: 1, triplesPoints: 1, expected: 5)","ExecutorUri":"executor://xunit/VsTestRunner2/netcoreapp","Source":"C:\\Quark\\QuarkEdabitUnitTests\\Quark.Edabit.Exercises.Test\\bin\\Debug\\netcoreapp3.1\\fine-code-coverage\\build-output\\Quark.Edabit.Exercises.Test.dll","CodeFilePath":null,"LineNumber":0,"Properties":[]},"Attachments":[],"Outcome":1,"ErrorMessage":null,"ErrorStackTrace":null,"DisplayName":"Quark.Edabit.Exercises.Test.EdabitChallengesVeryEasyTests.PointsTest(doublesPoints: 1, triplesPoints: 1, expected: 5)","Messages":[],"ComputerName":"DALZUETA-LAPTOP","Duration":"00:00:00.0000061","StartTime":"2021-09-25T20:44:34.118892+00:00","EndTime":"2021-09-25T20:44:34.1188958+00:00","Properties":[]}],"TestRunStatistics":{"ExecutedTests":18,"Stats":{"Passed":18}},"ActiveTests":[{"Id":"2c9e1150-53ae-9b8f-1532-9ca1fa6c3d77","FullyQualifiedName":"Quark.Edabit.Exercises.Test.EdabitChallengesVeryEasyTests.NameStringTest","DisplayName":"Quark.Edabit.Exercises.Test.EdabitChallengesVeryEasyTests.NameStringTest(arg: \"Matt\", expected: \"MattEdabit\")","ExecutorUri":"executor://xunit/VsTestRunner2/netcoreapp","Source":"C:\\Quark\\QuarkEdabitUnitTests\\Quark.Edabit.Exercises.Test\\bin\\Debug\\netcoreapp3.1\\fine-code-coverage\\build-output\\Quark.Edabit.Exercises.Test.dll","CodeFilePath":null,"LineNumber":0,"Properties":[]}]}}
TpTrace Verbose: 0 : 32496, 14, 2021/09/25, 17:44:34.127, 8329842095089, vstest.console.dll, TestRunRequest:SendTestRunStatsChange: Starting.
TpTrace Verbose: 0 : 32496, 14, 2021/09/25, 17:44:34.128, 8329842096091, vstest.console.dll, InProgress is Quark.Edabit.Exercises.Test.EdabitChallengesVeryEasyTests.NameStringTest(arg: "Matt", expected: "MattEdabit")
TpTrace Information: 0 : 32496, 14, 2021/09/25, 17:44:34.128, 8329842096880, vstest.console.dll, TestRunRequest:SendTestRunStatsChange: Completed.
TpTrace Verbose: 0 : 32496, 14, 2021/09/25, 17:44:34.128, 8329842097367, vstest.console.dll, TcpClientExtensions.MessageLoopAsync: Polling on remoteEndPoint: 127.0.0.1:63793 localEndPoint: 127.0.0.1:63792
TpTrace Verbose: 0 : 32496, 14, 2021/09/25, 17:44:34.145, 8329842272170, vstest.console.dll, TcpClientExtensions.MessageLoopAsync: NotifyDataAvailable remoteEndPoint: 127.0.0.1:63793 localEndPoint: 127.0.0.1:63792
TpTrace Verbose: 0 : 32496, 14, 2021/09/25, 17:44:34.145, 8329842274246, vstest.console.dll, TestRequestSender.OnExecutionMessageReceived: Received message: {"Version":5,"MessageType":"TestExecution.StatsChange","Payload":{"NewTestResults":[{"TestCase":{"Id":"2c9e1150-53ae-9b8f-1532-9ca1fa6c3d77","FullyQualifiedName":"Quark.Edabit.Exercises.Test.EdabitChallengesVeryEasyTests.NameStringTest","DisplayName":"Quark.Edabit.Exercises.Test.EdabitChallengesVeryEasyTests.NameStringTest(arg: \"Matt\", expected: \"MattEdabit\")","ExecutorUri":"executor://xunit/VsTestRunner2/netcoreapp","Source":"C:\\Quark\\QuarkEdabitUnitTests\\Quark.Edabit.Exercises.Test\\bin\\Debug\\netcoreapp3.1\\fine-code-coverage\\build-output\\Quark.Edabit.Exercises.Test.dll","CodeFilePath":null,"LineNumber":0,"Properties":[]},"Attachments":[],"Outcome":1,"ErrorMessage":null,"ErrorStackTrace":null,"DisplayName":"Quark.Edabit.Exercises.Test.EdabitChallengesVeryEasyTests.NameStringTest(arg: \"Matt\", expected: \"MattEdabit\")","Messages":[],"ComputerName":"DALZUETA-LAPTOP","Duration":"00:00:00.0012514","StartTime":"2021-09-25T20:44:34.1229405+00:00","EndTime":"2021-09-25T20:44:34.1229489+00:00","Properties":[]},{"TestCase":{"Id":"266a006a-ee69-cf53-1672-8264c8969c7e","FullyQualifiedName":"Quark.Edabit.Exercises.Test.EdabitChallengesVeryEasyTests.NameStringTest","DisplayName":"Quark.Edabit.Exercises.Test.EdabitChallengesVeryEasyTests.NameStringTest(arg: \"C#\", expected: \"C#Edabit\")","ExecutorUri":"executor://xunit/VsTestRunner2/netcoreapp","Source":"C:\\Quark\\QuarkEdabitUnitTests\\Quark.Edabit.Exercises.Test\\bin\\Debug\\netcoreapp3.1\\fine-code-coverage\\build-output\\Quark.Edabit.Exercises.Test.dll","CodeFilePath":null,"LineNumber":0,"Properties":[]},"Attachments":[],"Outcome":1,"ErrorMessage":null,"ErrorStackTrace":null,"DisplayName":"Quark.Edabit.Exercises.Test.EdabitChallengesVeryEasyTests.NameStringTest(arg: \"C#\", expected: \"C#Edabit\")","Messages":[],"ComputerName":"DALZUETA-LAPTOP","Duration":"00:00:00.0000181","StartTime":"2021-09-25T20:44:34.1258169+00:00","EndTime":"2021-09-25T20:44:34.1258206+00:00","Properties":[]},{"TestCase":{"Id":"cdfcd5d1-95ea-7673-aa54-d643d7c144be","FullyQualifiedName":"Quark.Edabit.Exercises.Test.EdabitChallengesVeryEasyTests.NameStringTest","DisplayName":"Quark.Edabit.Exercises.Test.EdabitChallengesVeryEasyTests.NameStringTest(arg: \"Mubashir\", expected: \"MubashirEdabit\")","ExecutorUri":"executor://xunit/VsTestRunner2/netcoreapp","Source":"C:\\Quark\\QuarkEdabitUnitTests\\Quark.Edabit.Exercises.Test\\bin\\Debug\\netcoreapp3.1\\fine-code-coverage\\build-output\\Quark.Edabit.Exercises.Test.dll","CodeFilePath":null,"LineNumber":0,"Properties":[]},"Attachments":[],"Outcome":1,"ErrorMessage":null,"ErrorStackTrace":null,"DisplayName":"Quark.Edabit.Exercises.Test.EdabitChallengesVeryEasyTests.NameStringTest(arg: \"Mubashir\", expected: \"MubashirEdabit\")","Messages":[],"ComputerName":"DALZUETA-LAPTOP","Duration":"00:00:00.0000070","StartTime":"2021-09-25T20:44:34.1284304+00:00","EndTime":"2021-09-25T20:44:34.1284341+00:00","Properties":[]},{"TestCase":{"Id":"0d32a2a4-d95f-f098-e806-4c6a94039467","FullyQualifiedName":"Quark.Edabit.Exercises.Test.EdabitChallengesVeryEasyTests.NameStringTest","DisplayName":"Quark.Edabit.Exercises.Test.EdabitChallengesVeryEasyTests.NameStringTest(arg: \"Fulanito\", expected: \"FulanitoEdabit\")","ExecutorUri":"executor://xunit/VsTestRunner2/netcoreapp","Source":"C:\\Quark\\QuarkEdabitUnitTests\\Quark.Edabit.Exercises.Test\\bin\\Debug\\netcoreapp3.1\\fine-code-coverage\\build-output\\Quark.Edabit.Exercises.Test.dll","CodeFilePath":null,"LineNumber":0,"Properties":[]},"Attachments":[],"Outcome":1,"ErrorMessage":null,"ErrorStackTrace":null,"DisplayName":"Quark.Edabit.Exercises.Test.EdabitChallengesVeryEasyTests.NameStringTest(arg: \"Fulanito\", expected: \"FulanitoEdabit\")","Messages":[],"ComputerName":"DALZUETA-LAPTOP","Duration":"00:00:00.0000047","StartTime":"2021-09-25T20:44:34.1310011+00:00","EndTime":"2021-09-25T20:44:34.1310042+00:00","Properties":[]},{"TestCase":{"Id":"a0f45832-5f57-3f2b-d6e1-9322a9bfabea","FullyQualifiedName":"Quark.Edabit.Exercises.Test.EdabitChallengesVeryEasyTests.AndTest","DisplayName":"Quark.Edabit.Exercises.Test.EdabitChallengesVeryEasyTests.AndTest(firstArg: True, secondArg: True, expected: True)","ExecutorUri":"executor://xunit/VsTestRunner2/netcoreapp","Source":"C:\\Quark\\QuarkEdabitUnitTests\\Quark.Edabit.Exercises.Test\\bin\\Debug\\netcoreapp3.1\\fine-code-coverage\\build-output\\Quark.Edabit.Exercises.Test.dll","CodeFilePath":null,"LineNumber":0,"Properties":[]},"Attachments":[],"Outcome":1,"ErrorMessage":null,"ErrorStackTrace":null,"DisplayName":"Quark.Edabit.Exercises.Test.EdabitChallengesVeryEasyTests.AndTest(firstArg: True, secondArg: True, expected: True)","Messages":[],"ComputerName":"DALZUETA-LAPTOP","Duration":"00:00:00.0003758","StartTime":"2021-09-25T20:44:34.1331734+00:00","EndTime":"2021-09-25T20:44:34.1331772+00:00","Properties":[]},{"TestCase":{"Id":"84ef2e28-e69b-b29d-fa79-b418ac23f5a6","FullyQualifiedName":"Quark.Edabit.Exercises.Test.EdabitChallengesVeryEasyTests.AndTest","DisplayName":"Quark.Edabit.Exercises.Test.EdabitChallengesVeryEasyTests.AndTest(firstArg: False, secondArg: True, expected: False)","ExecutorUri":"executor://xunit/VsTestRunner2/netcoreapp","Source":"C:\\Quark\\QuarkEdabitUnitTests\\Quark.Edabit.Exercises.Test\\bin\\Debug\\netcoreapp3.1\\fine-code-coverage\\build-output\\Quark.Edabit.Exercises.Test.dll","CodeFilePath":null,"LineNumber":0,"Properties":[]},"Attachments":[],"Outcome":1,"ErrorMessage":null,"ErrorStackTrace":null,"DisplayName":"Quark.Edabit.Exercises.Test.EdabitChallengesVeryEasyTests.AndTest(firstArg: False, secondArg: True, expected: False)","Messages":[],"ComputerName":"DALZUETA-LAPTOP","Duration":"00:00:00.0000296","StartTime":"2021-09-25T20:44:34.1362529+00:00","EndTime":"2021-09-25T20:44:34.1362555+00:00","Properties":[]},{"TestCase":{"Id":"563bf7b3-6fc3-a2ae-63a7-c831b1ac0c7b","FullyQualifiedName":"Quark.Edabit.Exercises.Test.EdabitChallengesVeryEasyTests.AndTest","DisplayName":"Quark.Edabit.Exercises.Test.EdabitChallengesVeryEasyTests.AndTest(firstArg: True, secondArg: False, expected: False)","ExecutorUri":"executor://xunit/VsTestRunner2/netcoreapp","Source":"C:\\Quark\\QuarkEdabitUnitTests\\Quark.Edabit.Exercises.Test\\bin\\Debug\\netcoreapp3.1\\fine-code-coverage\\build-output\\Quark.Edabit.Exercises.Test.dll","CodeFilePath":null,"LineNumber":0,"Properties":[]},"Attachments":[],"Outcome":1,"ErrorMessage":null,"ErrorStackTrace":null,"DisplayName":"Quark.Edabit.Exercises.Test.EdabitChallengesVeryEasyTests.AndTest(firstArg: True, secondArg: False, expected: False)","Messages":[],"ComputerName":"DALZUETA-LAPTOP","Duration":"00:00:00.0000068","StartTime":"2021-09-25T20:44:34.1391816+00:00","EndTime":"2021-09-25T20:44:34.1392385+00:00","Properties":[]},{"TestCase":{"Id":"2372158f-edd5-7dc4-f5da-e4ac34b6a202","FullyQualifiedName":"Quark.Edabit.Exercises.Test.EdabitChallengesVeryEasyTests.AndTest","DisplayName":"Quark.Edabit.Exercises.Test.EdabitChallengesVeryEasyTests.AndTest(firstArg: False, secondArg: False, expected: False)","ExecutorUri":"executor://xunit/VsTestRunner2/netcoreapp","Source":"C:\\Quark\\QuarkEdabitUnitTests\\Quark.Edabit.Exercises.Test\\bin\\Debug\\netcoreapp3.1\\fine-code-coverage\\build-output\\Quark.Edabit.Exercises.Test.dll","CodeFilePath":null,"LineNumber":0,"Properties":[]},"Attachments":[],"Outcome":1,"ErrorMessage":null,"ErrorStackTrace":null,"DisplayName":"Quark.Edabit.Exercises.Test.EdabitChallengesVeryEasyTests.AndTest(firstArg: False, secondArg: False, expected: False)","Messages":[],"ComputerName":"DALZUETA-LAPTOP","Duration":"00:00:00.0000062","StartTime":"2021-09-25T20:44:34.1415175+00:00","EndTime":"2021-09-25T20:44:34.1415205+00:00","Properties":[]},{"TestCase":{"Id":"a2d22506-868b-8364-d181-42eb7835d038","FullyQualifiedName":"Quark.Edabit.Exercises.Test.EdabitChallengesVeryEasyTests.HowManySecondsTest","DisplayName":"Quark.Edabit.Exercises.Test.EdabitChallengesVeryEasyTests.HowManySecondsTest(hours: 1, expected: 3600)","ExecutorUri":"executor://xunit/VsTestRunner2/netcoreapp","Source":"C:\\Quark\\QuarkEdabitUnitTests\\Quark.Edabit.Exercises.Test\\bin\\Debug\\netcoreapp3.1\\fine-code-coverage\\build-output\\Quark.Edabit.Exercises.Test.dll","CodeFilePath":null,"LineNumber":0,"Properties":[]},"Attachments":[],"Outcome":1,"ErrorMessage":null,"ErrorStackTrace":null,"DisplayName":"Quark.Edabit.Exercises.Test.EdabitChallengesVeryEasyTests.HowManySecondsTest(hours: 1, expected: 3600)","Messages":[],"ComputerName":"DALZUETA-LAPTOP","Duration":"00:00:00.0030647","StartTime":"2021-09-25T20:44:34.1435887+00:00","EndTime":"2021-09-25T20:44:34.1435907+00:00","Properties":[]}],"TestRunStatistics":{"ExecutedTests":27,"Stats":{"Passed":27}},"ActiveTests":[{"Id":"f307127f-1f93-d9e2-826c-78700c0f8988","FullyQualifiedName":"Quark.Edabit.Exercises.Test.EdabitChallengesVeryEasyTests.HowManySecondsTest","DisplayName":"Quark.Edabit.Exercises.Test.EdabitChallengesVeryEasyTests.HowManySecondsTest(hours: 10, expected: 36000)","ExecutorUri":"executor://xunit/VsTestRunner2/netcoreapp","Source":"C:\\Quark\\QuarkEdabitUnitTests\\Quark.Edabit.Exercises.Test\\bin\\Debug\\netcoreapp3.1\\fine-code-coverage\\build-output\\Quark.Edabit.Exercises.Test.dll","CodeFilePath":null,"LineNumber":0,"Properties":[]}]}}
TpTrace Verbose: 0 : 32496, 14, 2021/09/25, 17:44:34.147, 8329842293200, vstest.console.dll, TestRunRequest:SendTestRunStatsChange: Starting.
TpTrace Verbose: 0 : 32496, 14, 2021/09/25, 17:44:34.147, 8329842294712, vstest.console.dll, InProgress is Quark.Edabit.Exercises.Test.EdabitChallengesVeryEasyTests.HowManySecondsTest(hours: 10, expected: 36000)
TpTrace Information: 0 : 32496, 14, 2021/09/25, 17:44:34.147, 8329842295820, vstest.console.dll, TestRunRequest:SendTestRunStatsChange: Completed.
TpTrace Verbose: 0 : 32496, 14, 2021/09/25, 17:44:34.148, 8329842296565, vstest.console.dll, TcpClientExtensions.MessageLoopAsync: Polling on remoteEndPoint: 127.0.0.1:63793 localEndPoint: 127.0.0.1:63792
TpTrace Verbose: 0 : 32496, 14, 2021/09/25, 17:44:34.165, 8329842472749, vstest.console.dll, TcpClientExtensions.MessageLoopAsync: NotifyDataAvailable remoteEndPoint: 127.0.0.1:63793 localEndPoint: 127.0.0.1:63792
TpTrace Verbose: 0 : 32496, 14, 2021/09/25, 17:44:34.165, 8329842475188, vstest.console.dll, TestRequestSender.OnExecutionMessageReceived: Received message: {"Version":5,"MessageType":"TestExecution.StatsChange","Payload":{"NewTestResults":[{"TestCase":{"Id":"f307127f-1f93-d9e2-826c-78700c0f8988","FullyQualifiedName":"Quark.Edabit.Exercises.Test.EdabitChallengesVeryEasyTests.HowManySecondsTest","DisplayName":"Quark.Edabit.Exercises.Test.EdabitChallengesVeryEasyTests.HowManySecondsTest(hours: 10, expected: 36000)","ExecutorUri":"executor://xunit/VsTestRunner2/netcoreapp","Source":"C:\\Quark\\QuarkEdabitUnitTests\\Quark.Edabit.Exercises.Test\\bin\\Debug\\netcoreapp3.1\\fine-code-coverage\\build-output\\Quark.Edabit.Exercises.Test.dll","CodeFilePath":null,"LineNumber":0,"Properties":[]},"Attachments":[],"Outcome":1,"ErrorMessage":null,"ErrorStackTrace":null,"DisplayName":"Quark.Edabit.Exercises.Test.EdabitChallengesVeryEasyTests.HowManySecondsTest(hours: 10, expected: 36000)","Messages":[],"ComputerName":"DALZUETA-LAPTOP","Duration":"00:00:00.0000651","StartTime":"2021-09-25T20:44:34.1465747+00:00","EndTime":"2021-09-25T20:44:34.1465773+00:00","Properties":[]},{"TestCase":{"Id":"f6fc1539-7b03-7ea3-0153-4585a23997ce","FullyQualifiedName":"Quark.Edabit.Exercises.Test.EdabitChallengesVeryEasyTests.HowManySecondsTest","DisplayName":"Quark.Edabit.Exercises.Test.EdabitChallengesVeryEasyTests.HowManySecondsTest(hours: 2, expected: 7200)","ExecutorUri":"executor://xunit/VsTestRunner2/netcoreapp","Source":"C:\\Quark\\QuarkEdabitUnitTests\\Quark.Edabit.Exercises.Test\\bin\\Debug\\netcoreapp3.1\\fine-code-coverage\\build-output\\Quark.Edabit.Exercises.Test.dll","CodeFilePath":null,"LineNumber":0,"Properties":[]},"Attachments":[],"Outcome":1,"ErrorMessage":null,"ErrorStackTrace":null,"DisplayName":"Quark.Edabit.Exercises.Test.EdabitChallengesVeryEasyTests.HowManySecondsTest(hours: 2, expected: 7200)","Messages":[],"ComputerName":"DALZUETA-LAPTOP","Duration":"00:00:00.0000112","StartTime":"2021-09-25T20:44:34.1490519+00:00","EndTime":"2021-09-25T20:44:34.1490543+00:00","Properties":[]},{"TestCase":{"Id":"341f81ee-06a1-d5f2-7c33-dd4b0c6d18ba","FullyQualifiedName":"Quark.Edabit.Exercises.Test.EdabitChallengesVeryEasyTests.HowManySecondsTest","DisplayName":"Quark.Edabit.Exercises.Test.EdabitChallengesVeryEasyTests.HowManySecondsTest(hours: 2.5, expected: 9000)","ExecutorUri":"executor://xunit/VsTestRunner2/netcoreapp","Source":"C:\\Quark\\QuarkEdabitUnitTests\\Quark.Edabit.Exercises.Test\\bin\\Debug\\netcoreapp3.1\\fine-code-coverage\\build-output\\Quark.Edabit.Exercises.Test.dll","CodeFilePath":null,"LineNumber":0,"Properties":[]},"Attachments":[],"Outcome":1,"ErrorMessage":null,"ErrorStackTrace":null,"DisplayName":"Quark.Edabit.Exercises.Test.EdabitChallengesVeryEasyTests.HowManySecondsTest(hours: 2.5, expected: 9000)","Messages":[],"ComputerName":"DALZUETA-LAPTOP","Duration":"00:00:00.0000093","StartTime":"2021-09-25T20:44:34.1509889+00:00","EndTime":"2021-09-25T20:44:34.1509906+00:00","Properties":[]},{"TestCase":{"Id":"5b53ab23-c817-b299-6df7-3636f4b4ab15","FullyQualifiedName":"Quark.Edabit.Exercises.Test.EdabitChallengesVeryEasyTests.SumTwoNumbers","DisplayName":"Quark.Edabit.Exercises.Test.EdabitChallengesVeryEasyTests.SumTwoNumbers(number1: 2, number2: 3, expected: 5)","ExecutorUri":"executor://xunit/VsTestRunner2/netcoreapp","Source":"C:\\Quark\\QuarkEdabitUnitTests\\Quark.Edabit.Exercises.Test\\bin\\Debug\\netcoreapp3.1\\fine-code-coverage\\build-output\\Quark.Edabit.Exercises.Test.dll","CodeFilePath":null,"LineNumber":0,"Properties":[]},"Attachments":[],"Outcome":1,"ErrorMessage":null,"ErrorStackTrace":null,"DisplayName":"Quark.Edabit.Exercises.Test.EdabitChallengesVeryEasyTests.SumTwoNumbers(number1: 2, number2: 3, expected: 5)","Messages":[],"ComputerName":"DALZUETA-LAPTOP","Duration":"00:00:00.0003236","StartTime":"2021-09-25T20:44:34.1528869+00:00","EndTime":"2021-09-25T20:44:34.1528893+00:00","Properties":[]},{"TestCase":{"Id":"dc2002a5-97ee-4c6b-6e6b-6e7093d2ddeb","FullyQualifiedName":"Quark.Edabit.Exercises.Test.EdabitChallengesVeryEasyTests.SumTwoNumbers","DisplayName":"Quark.Edabit.Exercises.Test.EdabitChallengesVeryEasyTests.SumTwoNumbers(number1: 3, number2: 7, expected: 10)","ExecutorUri":"executor://xunit/VsTestRunner2/netcoreapp","Source":"C:\\Quark\\QuarkEdabitUnitTests\\Quark.Edabit.Exercises.Test\\bin\\Debug\\netcoreapp3.1\\fine-code-coverage\\build-output\\Quark.Edabit.Exercises.Test.dll","CodeFilePath":null,"LineNumber":0,"Properties":[]},"Attachments":[],"Outcome":1,"ErrorMessage":null,"ErrorStackTrace":null,"DisplayName":"Quark.Edabit.Exercises.Test.EdabitChallengesVeryEasyTests.SumTwoNumbers(number1: 3, number2: 7, expected: 10)","Messages":[],"ComputerName":"DALZUETA-LAPTOP","Duration":"00:00:00.0000174","StartTime":"2021-09-25T20:44:34.1551544+00:00","EndTime":"2021-09-25T20:44:34.1551572+00:00","Properties":[]},{"TestCase":{"Id":"a5aa7a4b-7a2f-9528-144b-642abd699567","FullyQualifiedName":"Quark.Edabit.Exercises.Test.EdabitChallengesVeryEasyTests.SumTwoNumbers","DisplayName":"Quark.Edabit.Exercises.Test.EdabitChallengesVeryEasyTests.SumTwoNumbers(number1: 0.3, number2: 0.7, expected: 1)","ExecutorUri":"executor://xunit/VsTestRunner2/netcoreapp","Source":"C:\\Quark\\QuarkEdabitUnitTests\\Quark.Edabit.Exercises.Test\\bin\\Debug\\netcoreapp3.1\\fine-code-coverage\\build-output\\Quark.Edabit.Exercises.Test.dll","CodeFilePath":null,"LineNumber":0,"Properties":[]},"Attachments":[],"Outcome":1,"ErrorMessage":null,"ErrorStackTrace":null,"DisplayName":"Quark.Edabit.Exercises.Test.EdabitChallengesVeryEasyTests.SumTwoNumbers(number1: 0.3, number2: 0.7, expected: 1)","Messages":[],"ComputerName":"DALZUETA-LAPTOP","Duration":"00:00:00.0000106","StartTime":"2021-09-25T20:44:34.1571709+00:00","EndTime":"2021-09-25T20:44:34.1571729+00:00","Properties":[]},{"TestCase":{"Id":"a15f3d53-9b9b-8562-6a41-1ac0d5744f0e","FullyQualifiedName":"Quark.Edabit.Exercises.Test.EdabitChallengesVeryEasyTests.SumTwoNumbers","DisplayName":"Quark.Edabit.Exercises.Test.EdabitChallengesVeryEasyTests.SumTwoNumbers(number1: -3, number2: 6, expected: 3)","ExecutorUri":"executor://xunit/VsTestRunner2/netcoreapp","Source":"C:\\Quark\\QuarkEdabitUnitTests\\Quark.Edabit.Exercises.Test\\bin\\Debug\\netcoreapp3.1\\fine-code-coverage\\build-output\\Quark.Edabit.Exercises.Test.dll","CodeFilePath":null,"LineNumber":0,"Properties":[]},"Attachments":[],"Outcome":1,"ErrorMessage":null,"ErrorStackTrace":null,"DisplayName":"Quark.Edabit.Exercises.Test.EdabitChallengesVeryEasyTests.SumTwoNumbers(number1: -3, number2: 6, expected: 3)","Messages":[],"ComputerName":"DALZUETA-LAPTOP","Duration":"00:00:00.0000095","StartTime":"2021-09-25T20:44:34.159348+00:00","EndTime":"2021-09-25T20:44:34.1593511+00:00","Properties":[]},{"TestCase":{"Id":"60775c29-cdf5-61a7-062d-429d5bb885db","FullyQualifiedName":"Quark.Edabit.Exercises.Test.EdabitChallengesVeryEasyTests.GiveMeSomething","DisplayName":"Quark.Edabit.Exercises.Test.EdabitChallengesVeryEasyTests.GiveMeSomething(arg: \"Bob Jane\", expected: \"something Bob Jane\")","ExecutorUri":"executor://xunit/VsTestRunner2/netcoreapp","Source":"C:\\Quark\\QuarkEdabitUnitTests\\Quark.Edabit.Exercises.Test\\bin\\Debug\\netcoreapp3.1\\fine-code-coverage\\build-output\\Quark.Edabit.Exercises.Test.dll","CodeFilePath":null,"LineNumber":0,"Properties":[]},"Attachments":[],"Outcome":1,"ErrorMessage":null,"ErrorStackTrace":null,"DisplayName":"Quark.Edabit.Exercises.Test.EdabitChallengesVeryEasyTests.GiveMeSomething(arg: \"Bob Jane\", expected: \"something Bob Jane\")","Messages":[],"ComputerName":"DALZUETA-LAPTOP","Duration":"00:00:00.0003311","StartTime":"2021-09-25T20:44:34.161672+00:00","EndTime":"2021-09-25T20:44:34.1616749+00:00","Properties":[]},{"TestCase":{"Id":"a75feafc-6140-f387-cc40-fe362050a4b6","FullyQualifiedName":"Quark.Edabit.Exercises.Test.EdabitChallengesVeryEasyTests.GiveMeSomething","DisplayName":"Quark.Edabit.Exercises.Test.EdabitChallengesVeryEasyTests.GiveMeSomething(arg: \"something\", expected: \"something something\")","ExecutorUri":"executor://xunit/VsTestRunner2/netcoreapp","Source":"C:\\Quark\\QuarkEdabitUnitTests\\Quark.Edabit.Exercises.Test\\bin\\Debug\\netcoreapp3.1\\fine-code-coverage\\build-output\\Quark.Edabit.Exercises.Test.dll","CodeFilePath":null,"LineNumber":0,"Properties":[]},"Attachments":[],"Outcome":1,"ErrorMessage":null,"ErrorStackTrace":null,"DisplayName":"Quark.Edabit.Exercises.Test.EdabitChallengesVeryEasyTests.GiveMeSomething(arg: \"something\", expected: \"something something\")","Messages":[],"ComputerName":"DALZUETA-LAPTOP","Duration":"00:00:00.0000371","StartTime":"2021-09-25T20:44:34.1636776+00:00","EndTime":"2021-09-25T20:44:34.1636803+00:00","Properties":[]}],"TestRunStatistics":{"ExecutedTests":36,"Stats":{"Passed":36}},"ActiveTests":[{"Id":"c40046d5-8d09-e26a-03c2-5a7772dd7244","FullyQualifiedName":"Quark.Edabit.Exercises.Test.EdabitChallengesVeryEasyTests.GiveMeSomething","DisplayName":"Quark.Edabit.Exercises.Test.EdabitChallengesVeryEasyTests.GiveMeSomething(arg: \"is better than nothing\", expected: \"something is better than nothing\")","ExecutorUri":"executor://xunit/VsTestRunner2/netcoreapp","Source":"C:\\Quark\\QuarkEdabitUnitTests\\Quark.Edabit.Exercises.Test\\bin\\Debug\\netcoreapp3.1\\fine-code-coverage\\build-output\\Quark.Edabit.Exercises.Test.dll","CodeFilePath":null,"LineNumber":0,"Properties":[]}]}}
TpTrace Verbose: 0 : 32496, 14, 2021/09/25, 17:44:34.168, 8329842500006, vstest.console.dll, TestRunRequest:SendTestRunStatsChange: Starting.
TpTrace Verbose: 0 : 32496, 14, 2021/09/25, 17:44:34.168, 8329842501037, vstest.console.dll, InProgress is Quark.Edabit.Exercises.Test.EdabitChallengesVeryEasyTests.GiveMeSomething(arg: "is better than nothing", expected: "something is better than nothing")
TpTrace Information: 0 : 32496, 14, 2021/09/25, 17:44:34.168, 8329842501671, vstest.console.dll, TestRunRequest:SendTestRunStatsChange: Completed.
TpTrace Verbose: 0 : 32496, 14, 2021/09/25, 17:44:34.168, 8329842502061, vstest.console.dll, TcpClientExtensions.MessageLoopAsync: Polling on remoteEndPoint: 127.0.0.1:63793 localEndPoint: 127.0.0.1:63792
TpTrace Verbose: 0 : 32496, 14, 2021/09/25, 17:44:34.185, 8329842674648, vstest.console.dll, TcpClientExtensions.MessageLoopAsync: NotifyDataAvailable remoteEndPoint: 127.0.0.1:63793 localEndPoint: 127.0.0.1:63792
TpTrace Verbose: 0 : 32496, 14, 2021/09/25, 17:44:34.186, 8329842676092, vstest.console.dll, TestRequestSender.OnExecutionMessageReceived: Received message: {"Version":5,"MessageType":"TestSession.Message","Payload":{"MessageLevel":0,"Message":"[xUnit.net 00:00:01.05]   Finished:    Quark.Edabit.Exercises.Test"}}
TpTrace Verbose: 0 : 32496, 14, 2021/09/25, 17:44:34.186, 8329842677797, vstest.console.dll, TestRunRequest:SendTestRunMessage: Starting.
TpTrace Information: 0 : 32496, 14, 2021/09/25, 17:44:34.186, 8329842678577, vstest.console.dll, TestRunRequest:SendTestRunMessage: Completed.
TpTrace Verbose: 0 : 32496, 14, 2021/09/25, 17:44:34.186, 8329842679137, vstest.console.dll, TcpClientExtensions.MessageLoopAsync: Polling on remoteEndPoint: 127.0.0.1:63793 localEndPoint: 127.0.0.1:63792
TpTrace Verbose: 0 : 32496, 14, 2021/09/25, 17:44:34.216, 8329842977511, vstest.console.dll, TcpClientExtensions.MessageLoopAsync: NotifyDataAvailable remoteEndPoint: 127.0.0.1:63793 localEndPoint: 127.0.0.1:63792
TpTrace Verbose: 0 : 32496, 14, 2021/09/25, 17:44:34.216, 8329842981530, vstest.console.dll, TestRequestSender.OnExecutionMessageReceived: Received message: {"Version":5,"MessageType":"TestExecution.Completed","Payload":{"TestRunCompleteArgs":{"TestRunStatistics":{"ExecutedTests":42,"Stats":{"Passed":42}},"IsCanceled":false,"IsAborted":false,"Error":null,"AttachmentSets":[],"ElapsedTimeInRunningTests":"00:00:01.0658448","Metrics":{}},"LastRunTests":{"NewTestResults":[{"TestCase":{"Id":"c40046d5-8d09-e26a-03c2-5a7772dd7244","FullyQualifiedName":"Quark.Edabit.Exercises.Test.EdabitChallengesVeryEasyTests.GiveMeSomething","DisplayName":"Quark.Edabit.Exercises.Test.EdabitChallengesVeryEasyTests.GiveMeSomething(arg: \"is better than nothing\", expected: \"something is better than nothing\")","ExecutorUri":"executor://xunit/VsTestRunner2/netcoreapp","Source":"C:\\Quark\\QuarkEdabitUnitTests\\Quark.Edabit.Exercises.Test\\bin\\Debug\\netcoreapp3.1\\fine-code-coverage\\build-output\\Quark.Edabit.Exercises.Test.dll","CodeFilePath":null,"LineNumber":0,"Properties":[]},"Attachments":[],"Outcome":1,"ErrorMessage":null,"ErrorStackTrace":null,"DisplayName":"Quark.Edabit.Exercises.Test.EdabitChallengesVeryEasyTests.GiveMeSomething(arg: \"is better than nothing\", expected: \"something is better than nothing\")","Messages":[],"ComputerName":"DALZUETA-LAPTOP","Duration":"00:00:00.0000130","StartTime":"2021-09-25T20:44:34.1666941+00:00","EndTime":"2021-09-25T20:44:34.1666974+00:00","Properties":[]},{"TestCase":{"Id":"ea05a83f-7ac1-988a-0c26-6fb69c2d6212","FullyQualifiedName":"Quark.Edabit.Exercises.Test.EdabitChallengesVeryEasyTests.ReverseTest","DisplayName":"Quark.Edabit.Exercises.Test.EdabitChallengesVeryEasyTests.ReverseTest(arg: False, expected: True)","ExecutorUri":"executor://xunit/VsTestRunner2/netcoreapp","Source":"C:\\Quark\\QuarkEdabitUnitTests\\Quark.Edabit.Exercises.Test\\bin\\Debug\\netcoreapp3.1\\fine-code-coverage\\build-output\\Quark.Edabit.Exercises.Test.dll","CodeFilePath":null,"LineNumber":0,"Properties":[]},"Attachments":[],"Outcome":1,"ErrorMessage":null,"ErrorStackTrace":null,"DisplayName":"Quark.Edabit.Exercises.Test.EdabitChallengesVeryEasyTests.ReverseTest(arg: False, expected: True)","Messages":[],"ComputerName":"DALZUETA-LAPTOP","Duration":"00:00:00.0002626","StartTime":"2021-09-25T20:44:34.1699784+00:00","EndTime":"2021-09-25T20:44:34.1699819+00:00","Properties":[]},{"TestCase":{"Id":"8d8a38aa-1014-732b-d300-31af1d0f2785","FullyQualifiedName":"Quark.Edabit.Exercises.Test.EdabitChallengesVeryEasyTests.ReverseTest","DisplayName":"Quark.Edabit.Exercises.Test.EdabitChallengesVeryEasyTests.ReverseTest(arg: True, expected: False)","ExecutorUri":"executor://xunit/VsTestRunner2/netcoreapp","Source":"C:\\Quark\\QuarkEdabitUnitTests\\Quark.Edabit.Exercises.Test\\bin\\Debug\\netcoreapp3.1\\fine-code-coverage\\build-output\\Quark.Edabit.Exercises.Test.dll","CodeFilePath":null,"LineNumber":0,"Properties":[]},"Attachments":[],"Outcome":1,"ErrorMessage":null,"ErrorStackTrace":null,"DisplayName":"Quark.Edabit.Exercises.Test.EdabitChallengesVeryEasyTests.ReverseTest(arg: True, expected: False)","Messages":[],"ComputerName":"DALZUETA-LAPTOP","Duration":"00:00:00.0000178","StartTime":"2021-09-25T20:44:34.1732135+00:00","EndTime":"2021-09-25T20:44:34.1732173+00:00","Properties":[]},{"TestCase":{"Id":"4e34056c-8515-e204-80b5-b37d85c78167","FullyQualifiedName":"Quark.Edabit.Exercises.Test.EdabitChallengesVeryEasyTests.HelloNameTest","DisplayName":"Quark.Edabit.Exercises.Test.EdabitChallengesVeryEasyTests.HelloNameTest(name: \"Ed\", expected: \"Hello Ed!\")","ExecutorUri":"executor://xunit/VsTestRunner2/netcoreapp","Source":"C:\\Quark\\QuarkEdabitUnitTests\\Quark.Edabit.Exercises.Test\\bin\\Debug\\netcoreapp3.1\\fine-code-coverage\\build-output\\Quark.Edabit.Exercises.Test.dll","CodeFilePath":null,"LineNumber":0,"Properties":[]},"Attachments":[],"Outcome":1,"ErrorMessage":null,"ErrorStackTrace":null,"DisplayName":"Quark.Edabit.Exercises.Test.EdabitChallengesVeryEasyTests.HelloNameTest(name: \"Ed\", expected: \"Hello Ed!\")","Messages":[],"ComputerName":"DALZUETA-LAPTOP","Duration":"00:00:00.0002917","StartTime":"2021-09-25T20:44:34.1758088+00:00","EndTime":"2021-09-25T20:44:34.1758118+00:00","Properties":[]},{"TestCase":{"Id":"7d587fdb-4767-9fe5-1dfb-5d93fa8e16a5","FullyQualifiedName":"Quark.Edabit.Exercises.Test.EdabitChallengesVeryEasyTests.HelloNameTest","DisplayName":"Quark.Edabit.Exercises.Test.EdabitChallengesVeryEasyTests.HelloNameTest(name: \"Gerald\", expected: \"Hello Gerald!\")","ExecutorUri":"executor://xunit/VsTestRunner2/netcoreapp","Source":"C:\\Quark\\QuarkEdabitUnitTests\\Quark.Edabit.Exercises.Test\\bin\\Debug\\netcoreapp3.1\\fine-code-coverage\\build-output\\Quark.Edabit.Exercises.Test.dll","CodeFilePath":null,"LineNumber":0,"Properties":[]},"Attachments":[],"Outcome":1,"ErrorMessage":null,"ErrorStackTrace":null,"DisplayName":"Quark.Edabit.Exercises.Test.EdabitChallengesVeryEasyTests.HelloNameTest(name: \"Gerald\", expected: \"Hello Gerald!\")","Messages":[],"ComputerName":"DALZUETA-LAPTOP","Duration":"00:00:00.0000171","StartTime":"2021-09-25T20:44:34.1788845+00:00","EndTime":"2021-09-25T20:44:34.1788872+00:00","Properties":[]},{"TestCase":{"Id":"73aff176-a8a9-1760-f357-c6cf338f3555","FullyQualifiedName":"Quark.Edabit.Exercises.Test.EdabitChallengesVeryEasyTests.HelloNameTest","DisplayName":"Quark.Edabit.Exercises.Test.EdabitChallengesVeryEasyTests.HelloNameTest(name: \"Tiffany\", expected: \"Hello Tiffany!\")","ExecutorUri":"executor://xunit/VsTestRunner2/netcoreapp","Source":"C:\\Quark\\QuarkEdabitUnitTests\\Quark.Edabit.Exercises.Test\\bin\\Debug\\netcoreapp3.1\\fine-code-coverage\\build-output\\Quark.Edabit.Exercises.Test.dll","CodeFilePath":null,"LineNumber":0,"Properties":[]},"Attachments":[],"Outcome":1,"ErrorMessage":null,"ErrorStackTrace":null,"DisplayName":"Quark.Edabit.Exercises.Test.EdabitChallengesVeryEasyTests.HelloNameTest(name: \"Tiffany\", expected: \"Hello Tiffany!\")","Messages":[],"ComputerName":"DALZUETA-LAPTOP","Duration":"00:00:00.0000093","StartTime":"2021-09-25T20:44:34.1818199+00:00","EndTime":"2021-09-25T20:44:34.1818233+00:00","Properties":[]}],"TestRunStatistics":{"ExecutedTests":42,"Stats":{"Passed":42}},"ActiveTests":[]},"RunAttachments":[],"ExecutorUris":["executor://xunit/VsTestRunner2/netcoreapp"]}}
TpTrace Verbose: 0 : 32496, 14, 2021/09/25, 17:44:34.224, 8329843057767, vstest.console.dll, TestRequestSender.EndSession: Sending end session.
TpTrace Verbose: 0 : 32496, 14, 2021/09/25, 17:44:34.224, 8329843061570, vstest.console.dll, ProxyOperationManager.Close: waiting for test host to exit for 100 ms
TpTrace Warning: 0 : 32496, 13, 2021/09/25, 17:44:34.259, 8329843411448, vstest.console.dll, TestHostManagerCallbacks.ErrorReceivedCallback Test host standard error line: 
TpTrace Verbose: 0 : 32496, 8, 2021/09/25, 17:44:34.274, 8329843561515, vstest.console.dll, TestHostProvider.ExitCallBack: Host exited starting callback.
TpTrace Information: 0 : 32496, 8, 2021/09/25, 17:44:34.275, 8329843570770, vstest.console.dll, TestHostManagerCallbacks.ExitCallBack: Testhost processId: 33236 exited with exitcode: 0 error: ''
TpTrace Verbose: 0 : 32496, 8, 2021/09/25, 17:44:34.275, 8329843571883, vstest.console.dll, DotnetTestHostManager.OnHostExited: invoking OnHostExited callback
TpTrace Verbose: 0 : 32496, 8, 2021/09/25, 17:44:34.275, 8329843572952, vstest.console.dll, CrossPlatEngine.TestHostManagerHostExited: calling on client process exit callback.
TpTrace Information: 0 : 32496, 8, 2021/09/25, 17:44:34.275, 8329843573878, vstest.console.dll, TestRequestSender.OnClientProcessExit: Test host process exited. Standard error: 
TpTrace Warning: 0 : 32496, 14, 2021/09/25, 17:44:34.275, 8329843573914, vstest.console.dll, ProxyOperationManager: Timed out waiting for test host to exit. Will terminate process.
TpTrace Information: 0 : 32496, 8, 2021/09/25, 17:44:34.275, 8329843574683, vstest.console.dll, SocketServer.Stop: Stop server endPoint: 127.0.0.1:63792
TpTrace Information: 0 : 32496, 8, 2021/09/25, 17:44:34.276, 8329843576044, vstest.console.dll, SocketServer.Stop: Cancellation requested. Stopping message loop.
TpTrace Verbose: 0 : 32496, 14, 2021/09/25, 17:44:34.276, 8329843585217, vstest.console.dll, ProxyDataCollectionManager.InvokeDataCollectionServiceAction: Starting.
TpTrace Information: 0 : 32496, 14, 2021/09/25, 17:44:34.277, 8329843586246, vstest.console.dll, ProxyDataCollectionManager.AfterTestRunEnd: Get attachment set for datacollector processId: 29668 port: 63789
TpTrace Verbose: 0 : 32496, 14, 2021/09/25, 17:44:34.277, 8329843587236, vstest.console.dll, DataCollectionRequestSender.SendAfterTestRunStartAndGetResult : Send AfterTestRunEnd message with isCancelled: False
TpTrace Verbose: 0 : 32496, 14, 2021/09/25, 17:44:34.284, 8329843664056, vstest.console.dll, DataCollectionRequestSender.SendAfterTestRunStartAndGetResult : Received message: (DataCollection.AfterTestRunEndResult) -> {
  "AttachmentSets": [],
  "Metrics": {}
}
TpTrace Information: 0 : 32496, 14, 2021/09/25, 17:44:34.289, 8329843714596, vstest.console.dll, ProxyDataCollectionManager.InvokeDataCollectionServiceAction: Completed.
TpTrace Warning: 0 : 32496, 10, 2021/09/25, 17:44:34.291, 8329843734295, vstest.console.dll, DataCollectionLauncher.ErrorReceivedCallback datacollector standard error line: 
TpTrace Information: 0 : 32496, 8, 2021/09/25, 17:44:34.302, 8329843836220, vstest.console.dll, DataCollectionLauncher.ExitCallBack: Data collector exited with exitcode: 0 error: ''
TpTrace Verbose: 0 : 32496, 14, 2021/09/25, 17:44:34.332, 8329844141676, vstest.console.dll, TestRunRequest:SendTestRunStatsChange: Starting.
TpTrace Information: 0 : 32496, 14, 2021/09/25, 17:44:34.332, 8329844143830, vstest.console.dll, TestRunRequest:SendTestRunStatsChange: Completed.
TpTrace Verbose: 0 : 32496, 14, 2021/09/25, 17:44:34.333, 8329844147677, vstest.console.dll, ParallelProxyExecutionManager: HandlePartialRunComplete: Total completed clients = 1, Run complete = True, Run canceled: False.
TpTrace Verbose: 0 : 32496, 14, 2021/09/25, 17:44:34.378, 8329844597399, vstest.console.dll, TestRunRequest:TestRunComplete: Starting. IsAborted:False IsCanceled:False.
TpTrace Verbose: 0 : 32496, 14, 2021/09/25, 17:44:34.378, 8329844600394, vstest.console.dll, TestLoggerManager.HandleTestRunComplete: Ignoring as the object is disposed.
TpTrace Information: 0 : 32496, 14, 2021/09/25, 17:44:34.379, 8329844606659, vstest.console.dll, TestRunRequest:TestRunComplete: Completed.
TpTrace Verbose: 0 : 32496, 1, 2021/09/25, 17:44:34.379, 8329844607710, vstest.console.dll, TestRunRequest.Dispose: Starting.
TpTrace Verbose: 0 : 32496, 14, 2021/09/25, 17:44:34.379, 8329844607881, vstest.console.dll, TestRequestSender.SetOperationComplete: Setting operation complete.
TpTrace Information: 0 : 32496, 1, 2021/09/25, 17:44:34.379, 8329844608984, vstest.console.dll, TestRunRequest.Dispose: Completed.
TpTrace Information: 0 : 32496, 1, 2021/09/25, 17:44:34.379, 8329844610971, vstest.console.dll, TestRequestManager.RunTests: run tests completed.
TpTrace Information: 0 : 32496, 14, 2021/09/25, 17:44:34.379, 8329844609612, vstest.console.dll, SocketServer.Stop: Stop server endPoint: 127.0.0.1:63792
TpTrace Information: 0 : 32496, 14, 2021/09/25, 17:44:34.380, 8329844616883, vstest.console.dll, SocketServer.Stop: Cancellation requested. Stopping message loop.
TpTrace Information: 0 : 32496, 1, 2021/09/25, 17:44:34.380, 8329844616586, vstest.console.dll, RunTestsArgumentProcessor:Execute: Test run is completed.
TpTrace Information: 0 : 32496, 14, 2021/09/25, 17:44:34.380, 8329844617931, vstest.console.dll, SocketServer.PrivateStop: Stopping server endPoint: 127.0.0.1:63792 error: 
TpTrace Verbose: 0 : 32496, 1, 2021/09/25, 17:44:34.380, 8329844621224, vstest.console.dll, Executor.Execute: Exiting with exit code of 0
